<?xml version="1.0" encoding="UTF-8" standalone="no"?>
<!DOCTYPE log SYSTEM "logger.dtd">
<log>
<record>
  <date>2019-04-23T10:52:04</date>
  <millis>1556009524048</millis>
  <sequence>0</sequence>
  <level>START</level>
  <class>com.kms.katalon.core.logging.XmlKeywordLogger</class>
  <method>startSuite</method>
  <thread>1</thread>
  <message>Start Test Suite : Test Suites/Person/AllCdT_Person</message>
  <nestedLevel>0</nestedLevel>
  <property name="name">AllCdT_Person</property>
  <property name="description"></property>
  <property name="id">Test Suites/Person/AllCdT_Person</property>
</record>
<record>
  <date>2019-04-23T10:52:04</date>
  <millis>1556009524073</millis>
  <sequence>1</sequence>
  <level>RUN_DATA</level>
  <class>com.kms.katalon.core.logging.XmlKeywordLogger</class>
  <method>logMessage</method>
  <thread>1</thread>
  <message>hostName = radjendirane - 172.16.200.200</message>
  <nestedLevel>0</nestedLevel>
  <property name="hostName">radjendirane - 172.16.200.200</property>
</record>
<record>
  <date>2019-04-23T10:52:04</date>
  <millis>1556009524075</millis>
  <sequence>2</sequence>
  <level>RUN_DATA</level>
  <class>com.kms.katalon.core.logging.XmlKeywordLogger</class>
  <method>logMessage</method>
  <thread>1</thread>
  <message>os = Mac OS X 64bit</message>
  <nestedLevel>0</nestedLevel>
  <property name="os">Mac OS X 64bit</property>
</record>
<record>
  <date>2019-04-23T10:52:04</date>
  <millis>1556009524075</millis>
  <sequence>3</sequence>
  <level>RUN_DATA</level>
  <class>com.kms.katalon.core.logging.XmlKeywordLogger</class>
  <method>logMessage</method>
  <thread>1</thread>
  <message>hostAddress = 172.16.200.200</message>
  <nestedLevel>0</nestedLevel>
  <property name="hostAddress">172.16.200.200</property>
</record>
<record>
  <date>2019-04-23T10:52:04</date>
  <millis>1556009524076</millis>
  <sequence>4</sequence>
  <level>RUN_DATA</level>
  <class>com.kms.katalon.core.logging.XmlKeywordLogger</class>
  <method>logMessage</method>
  <thread>1</thread>
  <message>katalonVersion = 6.1.1.1</message>
  <nestedLevel>0</nestedLevel>
  <property name="katalonVersion">6.1.1.1</property>
</record>
<record>
  <date>2019-04-23T10:52:04</date>
  <millis>1556009524345</millis>
  <sequence>5</sequence>
  <level>START</level>
  <class>com.kms.katalon.core.logging.XmlKeywordLogger</class>
  <method>startKeyword</method>
  <thread>1</thread>
  <message>Start setup action : setUp</message>
  <nestedLevel>0</nestedLevel>
  <property name="isIgnoredIfFailed">false</property>
</record>
<record>
  <date>2019-04-23T10:52:04</date>
  <millis>1556009524703</millis>
  <sequence>6</sequence>
  <level>START</level>
  <class>com.kms.katalon.core.logging.XmlKeywordLogger</class>
  <method>startKeyword</method>
  <thread>1</thread>
  <message>Start action : data_init = findTestData(\&amp;quot;Data Files/DDT_Person\&amp;quot;)</message>
  <nestedLevel>1</nestedLevel>
  <property name="startLine">69</property>
  <property name="stepIndex">1</property>
</record>
<record>
  <date>2019-04-23T10:52:04</date>
  <millis>1556009524836</millis>
  <sequence>10</sequence>
  <level>END</level>
  <class>com.kms.katalon.core.logging.XmlKeywordLogger</class>
  <method>endKeyword</method>
  <thread>1</thread>
  <message>End action : data_init = findTestData(\&amp;quot;Data Files/DDT_Person\&amp;quot;)</message>
  <nestedLevel>1</nestedLevel>
</record>
<record>
  <date>2019-04-23T10:52:04</date>
  <millis>1556009524836</millis>
  <sequence>11</sequence>
  <level>START</level>
  <class>com.kms.katalon.core.logging.XmlKeywordLogger</class>
  <method>startKeyword</method>
  <thread>1</thread>
  <message>Start action : rows_lign = data_init.getRowNumbers()</message>
  <nestedLevel>1</nestedLevel>
  <property name="startLine">70</property>
  <property name="stepIndex">2</property>
</record>
<record>
  <date>2019-04-23T10:52:04</date>
  <millis>1556009524843</millis>
  <sequence>12</sequence>
  <level>END</level>
  <class>com.kms.katalon.core.logging.XmlKeywordLogger</class>
  <method>endKeyword</method>
  <thread>1</thread>
  <message>End action : rows_lign = data_init.getRowNumbers()</message>
  <nestedLevel>1</nestedLevel>
</record>
<record>
  <date>2019-04-23T10:52:04</date>
  <millis>1556009524843</millis>
  <sequence>13</sequence>
  <level>START</level>
  <class>com.kms.katalon.core.logging.XmlKeywordLogger</class>
  <method>startKeyword</method>
  <thread>1</thread>
  <message>Start action : rows_column = data_init.getColumnNumbers()</message>
  <nestedLevel>1</nestedLevel>
  <property name="startLine">71</property>
  <property name="stepIndex">3</property>
</record>
<record>
  <date>2019-04-23T10:52:04</date>
  <millis>1556009524846</millis>
  <sequence>14</sequence>
  <level>END</level>
  <class>com.kms.katalon.core.logging.XmlKeywordLogger</class>
  <method>endKeyword</method>
  <thread>1</thread>
  <message>End action : rows_column = data_init.getColumnNumbers()</message>
  <nestedLevel>1</nestedLevel>
</record>
<record>
  <date>2019-04-23T10:52:04</date>
  <millis>1556009524847</millis>
  <sequence>15</sequence>
  <level>START</level>
  <class>com.kms.katalon.core.logging.XmlKeywordLogger</class>
  <method>startKeyword</method>
  <thread>1</thread>
  <message>Start action : list_name = new java.util.ArrayList()</message>
  <nestedLevel>1</nestedLevel>
  <property name="startLine">74</property>
  <property name="stepIndex">4</property>
</record>
<record>
  <date>2019-04-23T10:52:04</date>
  <millis>1556009524848</millis>
  <sequence>16</sequence>
  <level>END</level>
  <class>com.kms.katalon.core.logging.XmlKeywordLogger</class>
  <method>endKeyword</method>
  <thread>1</thread>
  <message>End action : list_name = new java.util.ArrayList()</message>
  <nestedLevel>1</nestedLevel>
</record>
<record>
  <date>2019-04-23T10:52:04</date>
  <millis>1556009524848</millis>
  <sequence>17</sequence>
  <level>START</level>
  <class>com.kms.katalon.core.logging.XmlKeywordLogger</class>
  <method>startKeyword</method>
  <thread>1</thread>
  <message>Start action : for (def i : (1..rows_lign))</message>
  <nestedLevel>1</nestedLevel>
  <property name="startLine">75</property>
  <property name="stepIndex">5</property>
</record>
<record>
  <date>2019-04-23T10:52:04</date>
  <millis>1556009524854</millis>
  <sequence>18</sequence>
  <level>START</level>
  <class>com.kms.katalon.core.logging.XmlKeywordLogger</class>
  <method>startKeyword</method>
  <thread>1</thread>
  <message>Start action : list_name.add(data_init.getValue(\&amp;quot;name\&amp;quot;, i))</message>
  <nestedLevel>2</nestedLevel>
  <property name="startLine">76</property>
  <property name="stepIndex">1</property>
</record>
<record>
  <date>2019-04-23T10:52:04</date>
  <millis>1556009524858</millis>
  <sequence>19</sequence>
  <level>END</level>
  <class>com.kms.katalon.core.logging.XmlKeywordLogger</class>
  <method>endKeyword</method>
  <thread>1</thread>
  <message>End action : list_name.add(data_init.getValue(\&amp;quot;name\&amp;quot;, i))</message>
  <nestedLevel>2</nestedLevel>
</record>
<record>
  <date>2019-04-23T10:52:04</date>
  <millis>1556009524858</millis>
  <sequence>20</sequence>
  <level>START</level>
  <class>com.kms.katalon.core.logging.XmlKeywordLogger</class>
  <method>startKeyword</method>
  <thread>1</thread>
  <message>Start action : list_name.add(data_init.getValue(\&amp;quot;name\&amp;quot;, i))</message>
  <nestedLevel>2</nestedLevel>
  <property name="startLine">76</property>
  <property name="stepIndex">1</property>
</record>
<record>
  <date>2019-04-23T10:52:04</date>
  <millis>1556009524859</millis>
  <sequence>21</sequence>
  <level>END</level>
  <class>com.kms.katalon.core.logging.XmlKeywordLogger</class>
  <method>endKeyword</method>
  <thread>1</thread>
  <message>End action : list_name.add(data_init.getValue(\&amp;quot;name\&amp;quot;, i))</message>
  <nestedLevel>2</nestedLevel>
</record>
<record>
  <date>2019-04-23T10:52:04</date>
  <millis>1556009524859</millis>
  <sequence>22</sequence>
  <level>END</level>
  <class>com.kms.katalon.core.logging.XmlKeywordLogger</class>
  <method>endKeyword</method>
  <thread>1</thread>
  <message>End action : for (def i : (1..rows_lign))</message>
  <nestedLevel>1</nestedLevel>
</record>
<record>
  <date>2019-04-23T10:52:04</date>
  <millis>1556009524859</millis>
  <sequence>23</sequence>
  <level>START</level>
  <class>com.kms.katalon.core.logging.XmlKeywordLogger</class>
  <method>startKeyword</method>
  <thread>1</thread>
  <message>Start action : println(size)</message>
  <nestedLevel>1</nestedLevel>
  <property name="startLine">78</property>
  <property name="stepIndex">6</property>
</record>
<record>
  <date>2019-04-23T10:52:04</date>
  <millis>1556009524862</millis>
  <sequence>24</sequence>
  <level>END</level>
  <class>com.kms.katalon.core.logging.XmlKeywordLogger</class>
  <method>endKeyword</method>
  <thread>1</thread>
  <message>End action : println(size)</message>
  <nestedLevel>1</nestedLevel>
</record>
<record>
  <date>2019-04-23T10:52:04</date>
  <millis>1556009524862</millis>
  <sequence>25</sequence>
  <level>START</level>
  <class>com.kms.katalon.core.logging.XmlKeywordLogger</class>
  <method>startKeyword</method>
  <thread>1</thread>
  <message>Start action : list_gender = new java.util.ArrayList()</message>
  <nestedLevel>1</nestedLevel>
  <property name="startLine">81</property>
  <property name="stepIndex">7</property>
</record>
<record>
  <date>2019-04-23T10:52:04</date>
  <millis>1556009524863</millis>
  <sequence>26</sequence>
  <level>END</level>
  <class>com.kms.katalon.core.logging.XmlKeywordLogger</class>
  <method>endKeyword</method>
  <thread>1</thread>
  <message>End action : list_gender = new java.util.ArrayList()</message>
  <nestedLevel>1</nestedLevel>
</record>
<record>
  <date>2019-04-23T10:52:04</date>
  <millis>1556009524863</millis>
  <sequence>27</sequence>
  <level>START</level>
  <class>com.kms.katalon.core.logging.XmlKeywordLogger</class>
  <method>startKeyword</method>
  <thread>1</thread>
  <message>Start action : for (def i : (1..rows_lign))</message>
  <nestedLevel>1</nestedLevel>
  <property name="startLine">82</property>
  <property name="stepIndex">8</property>
</record>
<record>
  <date>2019-04-23T10:52:04</date>
  <millis>1556009524864</millis>
  <sequence>28</sequence>
  <level>START</level>
  <class>com.kms.katalon.core.logging.XmlKeywordLogger</class>
  <method>startKeyword</method>
  <thread>1</thread>
  <message>Start action : list_gender.add(data_init.getValue(\&amp;quot;gender\&amp;quot;, i))</message>
  <nestedLevel>2</nestedLevel>
  <property name="startLine">83</property>
  <property name="stepIndex">1</property>
</record>
<record>
  <date>2019-04-23T10:52:04</date>
  <millis>1556009524864</millis>
  <sequence>29</sequence>
  <level>END</level>
  <class>com.kms.katalon.core.logging.XmlKeywordLogger</class>
  <method>endKeyword</method>
  <thread>1</thread>
  <message>End action : list_gender.add(data_init.getValue(\&amp;quot;gender\&amp;quot;, i))</message>
  <nestedLevel>2</nestedLevel>
</record>
<record>
  <date>2019-04-23T10:52:04</date>
  <millis>1556009524864</millis>
  <sequence>30</sequence>
  <level>START</level>
  <class>com.kms.katalon.core.logging.XmlKeywordLogger</class>
  <method>startKeyword</method>
  <thread>1</thread>
  <message>Start action : list_gender.add(data_init.getValue(\&amp;quot;gender\&amp;quot;, i))</message>
  <nestedLevel>2</nestedLevel>
  <property name="startLine">83</property>
  <property name="stepIndex">1</property>
</record>
<record>
  <date>2019-04-23T10:52:04</date>
  <millis>1556009524865</millis>
  <sequence>31</sequence>
  <level>END</level>
  <class>com.kms.katalon.core.logging.XmlKeywordLogger</class>
  <method>endKeyword</method>
  <thread>1</thread>
  <message>End action : list_gender.add(data_init.getValue(\&amp;quot;gender\&amp;quot;, i))</message>
  <nestedLevel>2</nestedLevel>
</record>
<record>
  <date>2019-04-23T10:52:04</date>
  <millis>1556009524867</millis>
  <sequence>32</sequence>
  <level>END</level>
  <class>com.kms.katalon.core.logging.XmlKeywordLogger</class>
  <method>endKeyword</method>
  <thread>1</thread>
  <message>End action : for (def i : (1..rows_lign))</message>
  <nestedLevel>1</nestedLevel>
</record>
<record>
  <date>2019-04-23T10:52:04</date>
  <millis>1556009524867</millis>
  <sequence>33</sequence>
  <level>START</level>
  <class>com.kms.katalon.core.logging.XmlKeywordLogger</class>
  <method>startKeyword</method>
  <thread>1</thread>
  <message>Start action : println(size)</message>
  <nestedLevel>1</nestedLevel>
  <property name="startLine">85</property>
  <property name="stepIndex">9</property>
</record>
<record>
  <date>2019-04-23T10:52:04</date>
  <millis>1556009524868</millis>
  <sequence>34</sequence>
  <level>END</level>
  <class>com.kms.katalon.core.logging.XmlKeywordLogger</class>
  <method>endKeyword</method>
  <thread>1</thread>
  <message>End action : println(size)</message>
  <nestedLevel>1</nestedLevel>
</record>
<record>
  <date>2019-04-23T10:52:04</date>
  <millis>1556009524868</millis>
  <sequence>35</sequence>
  <level>START</level>
  <class>com.kms.katalon.core.logging.XmlKeywordLogger</class>
  <method>startKeyword</method>
  <thread>1</thread>
  <message>Start action : list_BDate = new java.util.ArrayList()</message>
  <nestedLevel>1</nestedLevel>
  <property name="startLine">88</property>
  <property name="stepIndex">10</property>
</record>
<record>
  <date>2019-04-23T10:52:04</date>
  <millis>1556009524869</millis>
  <sequence>36</sequence>
  <level>END</level>
  <class>com.kms.katalon.core.logging.XmlKeywordLogger</class>
  <method>endKeyword</method>
  <thread>1</thread>
  <message>End action : list_BDate = new java.util.ArrayList()</message>
  <nestedLevel>1</nestedLevel>
</record>
<record>
  <date>2019-04-23T10:52:04</date>
  <millis>1556009524869</millis>
  <sequence>37</sequence>
  <level>START</level>
  <class>com.kms.katalon.core.logging.XmlKeywordLogger</class>
  <method>startKeyword</method>
  <thread>1</thread>
  <message>Start action : for (def i : (1..rows_lign))</message>
  <nestedLevel>1</nestedLevel>
  <property name="startLine">89</property>
  <property name="stepIndex">11</property>
</record>
<record>
  <date>2019-04-23T10:52:04</date>
  <millis>1556009524870</millis>
  <sequence>38</sequence>
  <level>START</level>
  <class>com.kms.katalon.core.logging.XmlKeywordLogger</class>
  <method>startKeyword</method>
  <thread>1</thread>
  <message>Start action : list_BDate.add(data_init.getValue(\&amp;quot;BirthDate\&amp;quot;, i))</message>
  <nestedLevel>2</nestedLevel>
  <property name="startLine">90</property>
  <property name="stepIndex">1</property>
</record>
<record>
  <date>2019-04-23T10:52:04</date>
  <millis>1556009524871</millis>
  <sequence>39</sequence>
  <level>END</level>
  <class>com.kms.katalon.core.logging.XmlKeywordLogger</class>
  <method>endKeyword</method>
  <thread>1</thread>
  <message>End action : list_BDate.add(data_init.getValue(\&amp;quot;BirthDate\&amp;quot;, i))</message>
  <nestedLevel>2</nestedLevel>
</record>
<record>
  <date>2019-04-23T10:52:04</date>
  <millis>1556009524872</millis>
  <sequence>40</sequence>
  <level>START</level>
  <class>com.kms.katalon.core.logging.XmlKeywordLogger</class>
  <method>startKeyword</method>
  <thread>1</thread>
  <message>Start action : list_BDate.add(data_init.getValue(\&amp;quot;BirthDate\&amp;quot;, i))</message>
  <nestedLevel>2</nestedLevel>
  <property name="startLine">90</property>
  <property name="stepIndex">1</property>
</record>
<record>
  <date>2019-04-23T10:52:04</date>
  <millis>1556009524872</millis>
  <sequence>41</sequence>
  <level>END</level>
  <class>com.kms.katalon.core.logging.XmlKeywordLogger</class>
  <method>endKeyword</method>
  <thread>1</thread>
  <message>End action : list_BDate.add(data_init.getValue(\&amp;quot;BirthDate\&amp;quot;, i))</message>
  <nestedLevel>2</nestedLevel>
</record>
<record>
  <date>2019-04-23T10:52:04</date>
  <millis>1556009524872</millis>
  <sequence>42</sequence>
  <level>END</level>
  <class>com.kms.katalon.core.logging.XmlKeywordLogger</class>
  <method>endKeyword</method>
  <thread>1</thread>
  <message>End action : for (def i : (1..rows_lign))</message>
  <nestedLevel>1</nestedLevel>
</record>
<record>
  <date>2019-04-23T10:52:04</date>
  <millis>1556009524873</millis>
  <sequence>43</sequence>
  <level>START</level>
  <class>com.kms.katalon.core.logging.XmlKeywordLogger</class>
  <method>startKeyword</method>
  <thread>1</thread>
  <message>Start action : println(size)</message>
  <nestedLevel>1</nestedLevel>
  <property name="startLine">92</property>
  <property name="stepIndex">12</property>
</record>
<record>
  <date>2019-04-23T10:52:04</date>
  <millis>1556009524874</millis>
  <sequence>44</sequence>
  <level>END</level>
  <class>com.kms.katalon.core.logging.XmlKeywordLogger</class>
  <method>endKeyword</method>
  <thread>1</thread>
  <message>End action : println(size)</message>
  <nestedLevel>1</nestedLevel>
</record>
<record>
  <date>2019-04-23T10:52:04</date>
  <millis>1556009524874</millis>
  <sequence>45</sequence>
  <level>START</level>
  <class>com.kms.katalon.core.logging.XmlKeywordLogger</class>
  <method>startKeyword</method>
  <thread>1</thread>
  <message>Start action : for (def i : (0..(rows_lign - 1)))</message>
  <nestedLevel>1</nestedLevel>
  <property name="startLine">94</property>
  <property name="stepIndex">13</property>
</record>
<record>
  <date>2019-04-23T10:52:04</date>
  <millis>1556009524875</millis>
  <sequence>46</sequence>
  <level>START</level>
  <class>com.kms.katalon.core.logging.XmlKeywordLogger</class>
  <method>startKeyword</method>
  <thread>1</thread>
  <message>Start action : namePerson = list_name.get(i)</message>
  <nestedLevel>2</nestedLevel>
  <property name="startLine">95</property>
  <property name="stepIndex">1</property>
</record>
<record>
  <date>2019-04-23T10:52:04</date>
  <millis>1556009524989</millis>
  <sequence>47</sequence>
  <level>END</level>
  <class>com.kms.katalon.core.logging.XmlKeywordLogger</class>
  <method>endKeyword</method>
  <thread>1</thread>
  <message>End action : namePerson = list_name.get(i)</message>
  <nestedLevel>2</nestedLevel>
</record>
<record>
  <date>2019-04-23T10:52:04</date>
  <millis>1556009524990</millis>
  <sequence>48</sequence>
  <level>START</level>
  <class>com.kms.katalon.core.logging.XmlKeywordLogger</class>
  <method>startKeyword</method>
  <thread>1</thread>
  <message>Start action : gender = list_gender.get(i)</message>
  <nestedLevel>2</nestedLevel>
  <property name="startLine">96</property>
  <property name="stepIndex">2</property>
</record>
<record>
  <date>2019-04-23T10:52:04</date>
  <millis>1556009524990</millis>
  <sequence>49</sequence>
  <level>END</level>
  <class>com.kms.katalon.core.logging.XmlKeywordLogger</class>
  <method>endKeyword</method>
  <thread>1</thread>
  <message>End action : gender = list_gender.get(i)</message>
  <nestedLevel>2</nestedLevel>
</record>
<record>
  <date>2019-04-23T10:52:04</date>
  <millis>1556009524991</millis>
  <sequence>50</sequence>
  <level>START</level>
  <class>com.kms.katalon.core.logging.XmlKeywordLogger</class>
  <method>startKeyword</method>
  <thread>1</thread>
  <message>Start action : birthDate = list_BDate.get(i)</message>
  <nestedLevel>2</nestedLevel>
  <property name="startLine">97</property>
  <property name="stepIndex">3</property>
</record>
<record>
  <date>2019-04-23T10:52:04</date>
  <millis>1556009524991</millis>
  <sequence>51</sequence>
  <level>END</level>
  <class>com.kms.katalon.core.logging.XmlKeywordLogger</class>
  <method>endKeyword</method>
  <thread>1</thread>
  <message>End action : birthDate = list_BDate.get(i)</message>
  <nestedLevel>2</nestedLevel>
</record>
<record>
  <date>2019-04-23T10:52:04</date>
  <millis>1556009524991</millis>
  <sequence>52</sequence>
  <level>START</level>
  <class>com.kms.katalon.core.logging.XmlKeywordLogger</class>
  <method>startKeyword</method>
  <thread>1</thread>
  <message>Start action : AddSinglePerson = sendRequest(\&amp;quot;PersonsOR/PostPerson\&amp;quot;)</message>
  <nestedLevel>2</nestedLevel>
  <property name="startLine">98</property>
  <property name="stepIndex">4</property>
</record>
<record>
  <date>2019-04-23T10:52:04</date>
  <millis>1556009524998</millis>
  <sequence>53</sequence>
  <level>END</level>
  <class>com.kms.katalon.core.logging.XmlKeywordLogger</class>
  <method>endKeyword</method>
  <thread>1</thread>
  <message>End action : AddSinglePerson = sendRequest(\&amp;quot;PersonsOR/PostPerson\&amp;quot;)</message>
  <nestedLevel>2</nestedLevel>
</record>
<record>
  <date>2019-04-23T10:52:04</date>
  <millis>1556009524999</millis>
  <sequence>54</sequence>
  <level>END</level>
  <class>com.kms.katalon.core.logging.XmlKeywordLogger</class>
  <method>endKeyword</method>
  <thread>1</thread>
  <message>End action : for (def i : (0..(rows_lign - 1)))</message>
  <nestedLevel>1</nestedLevel>
</record>
<record>
  <date>2019-04-23T10:52:05</date>
  <millis>1556009525013</millis>
  <sequence>55</sequence>
  <level>ERROR</level>
  <class>com.kms.katalon.core.logging.XmlKeywordLogger</class>
  <method>logMessage</method>
  <thread>1</thread>
  <message>groovy.lang.MissingMethodException: No signature of method: static com.kms.katalon.core.webservice.keyword.WSBuiltInKeywords.sendRequest() is applicable for argument types: (java.lang.String) values: [PersonsOR/PostPerson]\nPossible solutions: sendRequest(com.kms.katalon.core.testobject.RequestObject), sendRequest(com.kms.katalon.core.testobject.RequestObject, com.kms.katalon.core.model.FailureHandling)</message>
  <nestedLevel>0</nestedLevel>
</record>
<record>
  <date>2019-04-23T10:52:05</date>
  <millis>1556009525014</millis>
  <sequence>56</sequence>
  <level>END</level>
  <class>com.kms.katalon.core.logging.XmlKeywordLogger</class>
  <method>endKeyword</method>
  <thread>1</thread>
  <message>End End action : setUp</message>
  <nestedLevel>0</nestedLevel>
</record>
<record>
  <date>2019-04-23T10:52:05</date>
  <millis>1556009525052</millis>
  <sequence>57</sequence>
  <level>END</level>
  <class>com.kms.katalon.core.logging.XmlKeywordLogger</class>
  <method>endSuite</method>
  <thread>1</thread>
  <message>End Test Suite : Test Suites/Person/AllCdT_Person</message>
  <nestedLevel>0</nestedLevel>
</record>
</log>
