<?xml version="1.0" encoding="UTF-8" standalone="no"?>
<!DOCTYPE log SYSTEM "logger.dtd">
<log>
<record>
  <date>2019-04-23T12:57:51</date>
  <millis>1556017071484</millis>
  <sequence>0</sequence>
  <level>START</level>
  <class>com.kms.katalon.core.logging.XmlKeywordLogger</class>
  <method>startSuite</method>
  <thread>1</thread>
  <message>Start Test Suite : Test Suites/Person/AllCdT_Person</message>
  <nestedLevel>0</nestedLevel>
  <property name="name">AllCdT_Person</property>
  <property name="description"></property>
  <property name="id">Test Suites/Person/AllCdT_Person</property>
</record>
<record>
  <date>2019-04-23T12:57:51</date>
  <millis>1556017071497</millis>
  <sequence>1</sequence>
  <level>RUN_DATA</level>
  <class>com.kms.katalon.core.logging.XmlKeywordLogger</class>
  <method>logMessage</method>
  <thread>1</thread>
  <message>hostName = radjendirane - 172.16.200.200</message>
  <nestedLevel>0</nestedLevel>
  <property name="hostName">radjendirane - 172.16.200.200</property>
</record>
<record>
  <date>2019-04-23T12:57:51</date>
  <millis>1556017071498</millis>
  <sequence>2</sequence>
  <level>RUN_DATA</level>
  <class>com.kms.katalon.core.logging.XmlKeywordLogger</class>
  <method>logMessage</method>
  <thread>1</thread>
  <message>os = Mac OS X 64bit</message>
  <nestedLevel>0</nestedLevel>
  <property name="os">Mac OS X 64bit</property>
</record>
<record>
  <date>2019-04-23T12:57:51</date>
  <millis>1556017071499</millis>
  <sequence>3</sequence>
  <level>RUN_DATA</level>
  <class>com.kms.katalon.core.logging.XmlKeywordLogger</class>
  <method>logMessage</method>
  <thread>1</thread>
  <message>hostAddress = 172.16.200.200</message>
  <nestedLevel>0</nestedLevel>
  <property name="hostAddress">172.16.200.200</property>
</record>
<record>
  <date>2019-04-23T12:57:51</date>
  <millis>1556017071500</millis>
  <sequence>4</sequence>
  <level>RUN_DATA</level>
  <class>com.kms.katalon.core.logging.XmlKeywordLogger</class>
  <method>logMessage</method>
  <thread>1</thread>
  <message>katalonVersion = 6.1.1.1</message>
  <nestedLevel>0</nestedLevel>
  <property name="katalonVersion">6.1.1.1</property>
</record>
<record>
  <date>2019-04-23T12:57:51</date>
  <millis>1556017071766</millis>
  <sequence>5</sequence>
  <level>START</level>
  <class>com.kms.katalon.core.logging.XmlKeywordLogger</class>
  <method>startKeyword</method>
  <thread>1</thread>
  <message>Start setup action : setUp</message>
  <nestedLevel>0</nestedLevel>
  <property name="isIgnoredIfFailed">false</property>
</record>
<record>
  <date>2019-04-23T12:57:52</date>
  <millis>1556017072018</millis>
  <sequence>6</sequence>
  <level>ERROR</level>
  <class>com.kms.katalon.core.logging.XmlKeywordLogger</class>
  <method>logMessage</method>
  <thread>1</thread>
  <message>startup failed:\nfile:/Users/radjendirane/Katalon%20Studio/PersonsTestApi/Test%20Suites/Person/AllCdT_Person.groovy: 107: unable to resolve class personTest \n @ line 107, column 23.\n   \t\tPerson personTest = new personTest(&amp;apos;&amp;apos;, &amp;apos;&amp;apos;, &amp;apos;&amp;apos;)\n                         ^\n\n1 error\n</message>
  <nestedLevel>0</nestedLevel>
</record>
<record>
  <date>2019-04-23T12:57:52</date>
  <millis>1556017072019</millis>
  <sequence>7</sequence>
  <level>END</level>
  <class>com.kms.katalon.core.logging.XmlKeywordLogger</class>
  <method>endKeyword</method>
  <thread>1</thread>
  <message>End End action : setUp</message>
  <nestedLevel>0</nestedLevel>
</record>
<record>
  <date>2019-04-23T12:57:52</date>
  <millis>1556017072051</millis>
  <sequence>8</sequence>
  <level>END</level>
  <class>com.kms.katalon.core.logging.XmlKeywordLogger</class>
  <method>endSuite</method>
  <thread>1</thread>
  <message>End Test Suite : Test Suites/Person/AllCdT_Person</message>
  <nestedLevel>0</nestedLevel>
</record>
</log>
