<?xml version="1.0" encoding="UTF-8" standalone="no"?>
<!DOCTYPE log SYSTEM "logger.dtd">
<log>
<record>
  <date>2019-04-23T12:26:43</date>
  <millis>1556015203909</millis>
  <sequence>0</sequence>
  <level>START</level>
  <class>com.kms.katalon.core.logging.XmlKeywordLogger</class>
  <method>startSuite</method>
  <thread>1</thread>
  <message>Start Test Suite : Test Suites/Person/AllCdT_Person</message>
  <nestedLevel>0</nestedLevel>
  <property name="name">AllCdT_Person</property>
  <property name="description"></property>
  <property name="id">Test Suites/Person/AllCdT_Person</property>
</record>
<record>
  <date>2019-04-23T12:26:43</date>
  <millis>1556015203925</millis>
  <sequence>1</sequence>
  <level>RUN_DATA</level>
  <class>com.kms.katalon.core.logging.XmlKeywordLogger</class>
  <method>logMessage</method>
  <thread>1</thread>
  <message>hostName = radjendirane - 172.16.200.200</message>
  <nestedLevel>0</nestedLevel>
  <property name="hostName">radjendirane - 172.16.200.200</property>
</record>
<record>
  <date>2019-04-23T12:26:43</date>
  <millis>1556015203925</millis>
  <sequence>2</sequence>
  <level>RUN_DATA</level>
  <class>com.kms.katalon.core.logging.XmlKeywordLogger</class>
  <method>logMessage</method>
  <thread>1</thread>
  <message>os = Mac OS X 64bit</message>
  <nestedLevel>0</nestedLevel>
  <property name="os">Mac OS X 64bit</property>
</record>
<record>
  <date>2019-04-23T12:26:43</date>
  <millis>1556015203928</millis>
  <sequence>3</sequence>
  <level>RUN_DATA</level>
  <class>com.kms.katalon.core.logging.XmlKeywordLogger</class>
  <method>logMessage</method>
  <thread>1</thread>
  <message>hostAddress = 172.16.200.200</message>
  <nestedLevel>0</nestedLevel>
  <property name="hostAddress">172.16.200.200</property>
</record>
<record>
  <date>2019-04-23T12:26:43</date>
  <millis>1556015203929</millis>
  <sequence>4</sequence>
  <level>RUN_DATA</level>
  <class>com.kms.katalon.core.logging.XmlKeywordLogger</class>
  <method>logMessage</method>
  <thread>1</thread>
  <message>katalonVersion = 6.1.1.1</message>
  <nestedLevel>0</nestedLevel>
  <property name="katalonVersion">6.1.1.1</property>
</record>
<record>
  <date>2019-04-23T12:26:44</date>
  <millis>1556015204191</millis>
  <sequence>5</sequence>
  <level>START</level>
  <class>com.kms.katalon.core.logging.XmlKeywordLogger</class>
  <method>startKeyword</method>
  <thread>1</thread>
  <message>Start setup action : setUp</message>
  <nestedLevel>0</nestedLevel>
  <property name="isIgnoredIfFailed">false</property>
</record>
<record>
  <date>2019-04-23T12:26:44</date>
  <millis>1556015204476</millis>
  <sequence>6</sequence>
  <level>START</level>
  <class>com.kms.katalon.core.logging.XmlKeywordLogger</class>
  <method>startKeyword</method>
  <thread>1</thread>
  <message>Start action : data_init = findTestData(\&amp;quot;Data Files/DDT_Person\&amp;quot;)</message>
  <nestedLevel>1</nestedLevel>
  <property name="startLine">68</property>
  <property name="stepIndex">1</property>
</record>
<record>
  <date>2019-04-23T12:26:44</date>
  <millis>1556015204524</millis>
  <sequence>10</sequence>
  <level>END</level>
  <class>com.kms.katalon.core.logging.XmlKeywordLogger</class>
  <method>endKeyword</method>
  <thread>1</thread>
  <message>End action : data_init = findTestData(\&amp;quot;Data Files/DDT_Person\&amp;quot;)</message>
  <nestedLevel>1</nestedLevel>
</record>
<record>
  <date>2019-04-23T12:26:44</date>
  <millis>1556015204525</millis>
  <sequence>11</sequence>
  <level>START</level>
  <class>com.kms.katalon.core.logging.XmlKeywordLogger</class>
  <method>startKeyword</method>
  <thread>1</thread>
  <message>Start action : rows_lign = data_init.getRowNumbers()</message>
  <nestedLevel>1</nestedLevel>
  <property name="startLine">69</property>
  <property name="stepIndex">2</property>
</record>
<record>
  <date>2019-04-23T12:26:44</date>
  <millis>1556015204531</millis>
  <sequence>12</sequence>
  <level>END</level>
  <class>com.kms.katalon.core.logging.XmlKeywordLogger</class>
  <method>endKeyword</method>
  <thread>1</thread>
  <message>End action : rows_lign = data_init.getRowNumbers()</message>
  <nestedLevel>1</nestedLevel>
</record>
<record>
  <date>2019-04-23T12:26:44</date>
  <millis>1556015204531</millis>
  <sequence>13</sequence>
  <level>START</level>
  <class>com.kms.katalon.core.logging.XmlKeywordLogger</class>
  <method>startKeyword</method>
  <thread>1</thread>
  <message>Start action : rows_column = data_init.getColumnNumbers()</message>
  <nestedLevel>1</nestedLevel>
  <property name="startLine">70</property>
  <property name="stepIndex">3</property>
</record>
<record>
  <date>2019-04-23T12:26:44</date>
  <millis>1556015204533</millis>
  <sequence>14</sequence>
  <level>END</level>
  <class>com.kms.katalon.core.logging.XmlKeywordLogger</class>
  <method>endKeyword</method>
  <thread>1</thread>
  <message>End action : rows_column = data_init.getColumnNumbers()</message>
  <nestedLevel>1</nestedLevel>
</record>
<record>
  <date>2019-04-23T12:26:44</date>
  <millis>1556015204533</millis>
  <sequence>15</sequence>
  <level>START</level>
  <class>com.kms.katalon.core.logging.XmlKeywordLogger</class>
  <method>startKeyword</method>
  <thread>1</thread>
  <message>Start action : list_name = new java.util.ArrayList()</message>
  <nestedLevel>1</nestedLevel>
  <property name="startLine">71</property>
  <property name="stepIndex">4</property>
</record>
<record>
  <date>2019-04-23T12:26:44</date>
  <millis>1556015204534</millis>
  <sequence>16</sequence>
  <level>END</level>
  <class>com.kms.katalon.core.logging.XmlKeywordLogger</class>
  <method>endKeyword</method>
  <thread>1</thread>
  <message>End action : list_name = new java.util.ArrayList()</message>
  <nestedLevel>1</nestedLevel>
</record>
<record>
  <date>2019-04-23T12:26:44</date>
  <millis>1556015204534</millis>
  <sequence>17</sequence>
  <level>START</level>
  <class>com.kms.katalon.core.logging.XmlKeywordLogger</class>
  <method>startKeyword</method>
  <thread>1</thread>
  <message>Start action : for (def i : (1..rows_lign))</message>
  <nestedLevel>1</nestedLevel>
  <property name="startLine">72</property>
  <property name="stepIndex">5</property>
</record>
<record>
  <date>2019-04-23T12:26:44</date>
  <millis>1556015204539</millis>
  <sequence>18</sequence>
  <level>START</level>
  <class>com.kms.katalon.core.logging.XmlKeywordLogger</class>
  <method>startKeyword</method>
  <thread>1</thread>
  <message>Start action : list_name.add(data_init.getValue(\&amp;quot;name\&amp;quot;, i))</message>
  <nestedLevel>2</nestedLevel>
  <property name="startLine">73</property>
  <property name="stepIndex">1</property>
</record>
<record>
  <date>2019-04-23T12:26:44</date>
  <millis>1556015204543</millis>
  <sequence>19</sequence>
  <level>END</level>
  <class>com.kms.katalon.core.logging.XmlKeywordLogger</class>
  <method>endKeyword</method>
  <thread>1</thread>
  <message>End action : list_name.add(data_init.getValue(\&amp;quot;name\&amp;quot;, i))</message>
  <nestedLevel>2</nestedLevel>
</record>
<record>
  <date>2019-04-23T12:26:44</date>
  <millis>1556015204543</millis>
  <sequence>20</sequence>
  <level>START</level>
  <class>com.kms.katalon.core.logging.XmlKeywordLogger</class>
  <method>startKeyword</method>
  <thread>1</thread>
  <message>Start action : list_name.add(data_init.getValue(\&amp;quot;name\&amp;quot;, i))</message>
  <nestedLevel>2</nestedLevel>
  <property name="startLine">73</property>
  <property name="stepIndex">1</property>
</record>
<record>
  <date>2019-04-23T12:26:44</date>
  <millis>1556015204544</millis>
  <sequence>21</sequence>
  <level>END</level>
  <class>com.kms.katalon.core.logging.XmlKeywordLogger</class>
  <method>endKeyword</method>
  <thread>1</thread>
  <message>End action : list_name.add(data_init.getValue(\&amp;quot;name\&amp;quot;, i))</message>
  <nestedLevel>2</nestedLevel>
</record>
<record>
  <date>2019-04-23T12:26:44</date>
  <millis>1556015204544</millis>
  <sequence>22</sequence>
  <level>END</level>
  <class>com.kms.katalon.core.logging.XmlKeywordLogger</class>
  <method>endKeyword</method>
  <thread>1</thread>
  <message>End action : for (def i : (1..rows_lign))</message>
  <nestedLevel>1</nestedLevel>
</record>
<record>
  <date>2019-04-23T12:26:44</date>
  <millis>1556015204544</millis>
  <sequence>23</sequence>
  <level>START</level>
  <class>com.kms.katalon.core.logging.XmlKeywordLogger</class>
  <method>startKeyword</method>
  <thread>1</thread>
  <message>Start action : list_gender = new java.util.ArrayList()</message>
  <nestedLevel>1</nestedLevel>
  <property name="startLine">75</property>
  <property name="stepIndex">6</property>
</record>
<record>
  <date>2019-04-23T12:26:44</date>
  <millis>1556015204545</millis>
  <sequence>24</sequence>
  <level>END</level>
  <class>com.kms.katalon.core.logging.XmlKeywordLogger</class>
  <method>endKeyword</method>
  <thread>1</thread>
  <message>End action : list_gender = new java.util.ArrayList()</message>
  <nestedLevel>1</nestedLevel>
</record>
<record>
  <date>2019-04-23T12:26:44</date>
  <millis>1556015204545</millis>
  <sequence>25</sequence>
  <level>START</level>
  <class>com.kms.katalon.core.logging.XmlKeywordLogger</class>
  <method>startKeyword</method>
  <thread>1</thread>
  <message>Start action : for (def i : (1..rows_lign))</message>
  <nestedLevel>1</nestedLevel>
  <property name="startLine">76</property>
  <property name="stepIndex">7</property>
</record>
<record>
  <date>2019-04-23T12:26:44</date>
  <millis>1556015204546</millis>
  <sequence>26</sequence>
  <level>START</level>
  <class>com.kms.katalon.core.logging.XmlKeywordLogger</class>
  <method>startKeyword</method>
  <thread>1</thread>
  <message>Start action : list_gender.add(data_init.getValue(\&amp;quot;gender\&amp;quot;, i))</message>
  <nestedLevel>2</nestedLevel>
  <property name="startLine">77</property>
  <property name="stepIndex">1</property>
</record>
<record>
  <date>2019-04-23T12:26:44</date>
  <millis>1556015204546</millis>
  <sequence>27</sequence>
  <level>END</level>
  <class>com.kms.katalon.core.logging.XmlKeywordLogger</class>
  <method>endKeyword</method>
  <thread>1</thread>
  <message>End action : list_gender.add(data_init.getValue(\&amp;quot;gender\&amp;quot;, i))</message>
  <nestedLevel>2</nestedLevel>
</record>
<record>
  <date>2019-04-23T12:26:44</date>
  <millis>1556015204546</millis>
  <sequence>28</sequence>
  <level>START</level>
  <class>com.kms.katalon.core.logging.XmlKeywordLogger</class>
  <method>startKeyword</method>
  <thread>1</thread>
  <message>Start action : list_gender.add(data_init.getValue(\&amp;quot;gender\&amp;quot;, i))</message>
  <nestedLevel>2</nestedLevel>
  <property name="startLine">77</property>
  <property name="stepIndex">1</property>
</record>
<record>
  <date>2019-04-23T12:26:44</date>
  <millis>1556015204547</millis>
  <sequence>29</sequence>
  <level>END</level>
  <class>com.kms.katalon.core.logging.XmlKeywordLogger</class>
  <method>endKeyword</method>
  <thread>1</thread>
  <message>End action : list_gender.add(data_init.getValue(\&amp;quot;gender\&amp;quot;, i))</message>
  <nestedLevel>2</nestedLevel>
</record>
<record>
  <date>2019-04-23T12:26:44</date>
  <millis>1556015204547</millis>
  <sequence>30</sequence>
  <level>END</level>
  <class>com.kms.katalon.core.logging.XmlKeywordLogger</class>
  <method>endKeyword</method>
  <thread>1</thread>
  <message>End action : for (def i : (1..rows_lign))</message>
  <nestedLevel>1</nestedLevel>
</record>
<record>
  <date>2019-04-23T12:26:44</date>
  <millis>1556015204547</millis>
  <sequence>31</sequence>
  <level>START</level>
  <class>com.kms.katalon.core.logging.XmlKeywordLogger</class>
  <method>startKeyword</method>
  <thread>1</thread>
  <message>Start action : list_BDate = new java.util.ArrayList()</message>
  <nestedLevel>1</nestedLevel>
  <property name="startLine">79</property>
  <property name="stepIndex">8</property>
</record>
<record>
  <date>2019-04-23T12:26:44</date>
  <millis>1556015204548</millis>
  <sequence>32</sequence>
  <level>END</level>
  <class>com.kms.katalon.core.logging.XmlKeywordLogger</class>
  <method>endKeyword</method>
  <thread>1</thread>
  <message>End action : list_BDate = new java.util.ArrayList()</message>
  <nestedLevel>1</nestedLevel>
</record>
<record>
  <date>2019-04-23T12:26:44</date>
  <millis>1556015204548</millis>
  <sequence>33</sequence>
  <level>START</level>
  <class>com.kms.katalon.core.logging.XmlKeywordLogger</class>
  <method>startKeyword</method>
  <thread>1</thread>
  <message>Start action : for (def i : (1..rows_lign))</message>
  <nestedLevel>1</nestedLevel>
  <property name="startLine">80</property>
  <property name="stepIndex">9</property>
</record>
<record>
  <date>2019-04-23T12:26:44</date>
  <millis>1556015204549</millis>
  <sequence>34</sequence>
  <level>START</level>
  <class>com.kms.katalon.core.logging.XmlKeywordLogger</class>
  <method>startKeyword</method>
  <thread>1</thread>
  <message>Start action : list_BDate.add(data_init.getValue(\&amp;quot;BirthDate\&amp;quot;, i))</message>
  <nestedLevel>2</nestedLevel>
  <property name="startLine">81</property>
  <property name="stepIndex">1</property>
</record>
<record>
  <date>2019-04-23T12:26:44</date>
  <millis>1556015204549</millis>
  <sequence>35</sequence>
  <level>END</level>
  <class>com.kms.katalon.core.logging.XmlKeywordLogger</class>
  <method>endKeyword</method>
  <thread>1</thread>
  <message>End action : list_BDate.add(data_init.getValue(\&amp;quot;BirthDate\&amp;quot;, i))</message>
  <nestedLevel>2</nestedLevel>
</record>
<record>
  <date>2019-04-23T12:26:44</date>
  <millis>1556015204550</millis>
  <sequence>36</sequence>
  <level>START</level>
  <class>com.kms.katalon.core.logging.XmlKeywordLogger</class>
  <method>startKeyword</method>
  <thread>1</thread>
  <message>Start action : list_BDate.add(data_init.getValue(\&amp;quot;BirthDate\&amp;quot;, i))</message>
  <nestedLevel>2</nestedLevel>
  <property name="startLine">81</property>
  <property name="stepIndex">1</property>
</record>
<record>
  <date>2019-04-23T12:26:44</date>
  <millis>1556015204552</millis>
  <sequence>37</sequence>
  <level>END</level>
  <class>com.kms.katalon.core.logging.XmlKeywordLogger</class>
  <method>endKeyword</method>
  <thread>1</thread>
  <message>End action : list_BDate.add(data_init.getValue(\&amp;quot;BirthDate\&amp;quot;, i))</message>
  <nestedLevel>2</nestedLevel>
</record>
<record>
  <date>2019-04-23T12:26:44</date>
  <millis>1556015204552</millis>
  <sequence>38</sequence>
  <level>END</level>
  <class>com.kms.katalon.core.logging.XmlKeywordLogger</class>
  <method>endKeyword</method>
  <thread>1</thread>
  <message>End action : for (def i : (1..rows_lign))</message>
  <nestedLevel>1</nestedLevel>
</record>
<record>
  <date>2019-04-23T12:26:44</date>
  <millis>1556015204552</millis>
  <sequence>39</sequence>
  <level>START</level>
  <class>com.kms.katalon.core.logging.XmlKeywordLogger</class>
  <method>startKeyword</method>
  <thread>1</thread>
  <message>Start action : for (def i : (0..(rows_lign - 1)))</message>
  <nestedLevel>1</nestedLevel>
  <property name="startLine">84</property>
  <property name="stepIndex">10</property>
</record>
<record>
  <date>2019-04-23T12:26:44</date>
  <millis>1556015204554</millis>
  <sequence>40</sequence>
  <level>START</level>
  <class>com.kms.katalon.core.logging.XmlKeywordLogger</class>
  <method>startKeyword</method>
  <thread>1</thread>
  <message>Start action : name = list_name.get(i)</message>
  <nestedLevel>2</nestedLevel>
  <property name="startLine">85</property>
  <property name="stepIndex">1</property>
</record>
<record>
  <date>2019-04-23T12:26:44</date>
  <millis>1556015204556</millis>
  <sequence>41</sequence>
  <level>END</level>
  <class>com.kms.katalon.core.logging.XmlKeywordLogger</class>
  <method>endKeyword</method>
  <thread>1</thread>
  <message>End action : name = list_name.get(i)</message>
  <nestedLevel>2</nestedLevel>
</record>
<record>
  <date>2019-04-23T12:26:44</date>
  <millis>1556015204556</millis>
  <sequence>42</sequence>
  <level>START</level>
  <class>com.kms.katalon.core.logging.XmlKeywordLogger</class>
  <method>startKeyword</method>
  <thread>1</thread>
  <message>Start action : gender = list_gender.get(i)</message>
  <nestedLevel>2</nestedLevel>
  <property name="startLine">86</property>
  <property name="stepIndex">2</property>
</record>
<record>
  <date>2019-04-23T12:26:44</date>
  <millis>1556015204557</millis>
  <sequence>43</sequence>
  <level>END</level>
  <class>com.kms.katalon.core.logging.XmlKeywordLogger</class>
  <method>endKeyword</method>
  <thread>1</thread>
  <message>End action : gender = list_gender.get(i)</message>
  <nestedLevel>2</nestedLevel>
</record>
<record>
  <date>2019-04-23T12:26:44</date>
  <millis>1556015204557</millis>
  <sequence>44</sequence>
  <level>START</level>
  <class>com.kms.katalon.core.logging.XmlKeywordLogger</class>
  <method>startKeyword</method>
  <thread>1</thread>
  <message>Start action : BDate = list_BDate.get(i)</message>
  <nestedLevel>2</nestedLevel>
  <property name="startLine">87</property>
  <property name="stepIndex">3</property>
</record>
<record>
  <date>2019-04-23T12:26:44</date>
  <millis>1556015204558</millis>
  <sequence>45</sequence>
  <level>END</level>
  <class>com.kms.katalon.core.logging.XmlKeywordLogger</class>
  <method>endKeyword</method>
  <thread>1</thread>
  <message>End action : BDate = list_BDate.get(i)</message>
  <nestedLevel>2</nestedLevel>
</record>
<record>
  <date>2019-04-23T12:26:44</date>
  <millis>1556015204558</millis>
  <sequence>46</sequence>
  <level>START</level>
  <class>com.kms.katalon.core.logging.XmlKeywordLogger</class>
  <method>startKeyword</method>
  <thread>1</thread>
  <message>Start action : AddSinglePerson = sendRequest(findTestObject(\&amp;quot;PersonsOR/PostPerson\&amp;quot;, [\&amp;quot;gender\&amp;quot;:gender, \&amp;quot;name\&amp;quot;:name, \&amp;quot;dateBD\&amp;quot;:BDate]))</message>
  <nestedLevel>2</nestedLevel>
  <property name="startLine">88</property>
  <property name="stepIndex">4</property>
</record>
<record>
  <date>2019-04-23T12:26:44</date>
  <millis>1556015204976</millis>
  <sequence>49</sequence>
  <level>PASSED</level>
  <class>com.kms.katalon.core.logging.XmlKeywordLogger</class>
  <method>logMessage</method>
  <thread>1</thread>
  <message>Send request successfully</message>
  <nestedLevel>0</nestedLevel>
</record>
<record>
  <date>2019-04-23T12:26:44</date>
  <millis>1556015204976</millis>
  <sequence>50</sequence>
  <level>END</level>
  <class>com.kms.katalon.core.logging.XmlKeywordLogger</class>
  <method>endKeyword</method>
  <thread>1</thread>
  <message>End action : AddSinglePerson = sendRequest(findTestObject(\&amp;quot;PersonsOR/PostPerson\&amp;quot;, [\&amp;quot;gender\&amp;quot;:gender, \&amp;quot;name\&amp;quot;:name, \&amp;quot;dateBD\&amp;quot;:BDate]))</message>
  <nestedLevel>2</nestedLevel>
</record>
<record>
  <date>2019-04-23T12:26:44</date>
  <millis>1556015204977</millis>
  <sequence>51</sequence>
  <level>START</level>
  <class>com.kms.katalon.core.logging.XmlKeywordLogger</class>
  <method>startKeyword</method>
  <thread>1</thread>
  <message>Start action : verifyResponseStatusCode(AddSinglePerson, 200)</message>
  <nestedLevel>2</nestedLevel>
  <property name="startLine">90</property>
  <property name="stepIndex">5</property>
</record>
<record>
  <date>2019-04-23T12:26:44</date>
  <millis>1556015204985</millis>
  <sequence>53</sequence>
  <level>PASSED</level>
  <class>com.kms.katalon.core.logging.XmlKeywordLogger</class>
  <method>logMessage</method>
  <thread>1</thread>
  <message>Verify response status code successfully</message>
  <nestedLevel>0</nestedLevel>
</record>
<record>
  <date>2019-04-23T12:26:44</date>
  <millis>1556015204986</millis>
  <sequence>54</sequence>
  <level>END</level>
  <class>com.kms.katalon.core.logging.XmlKeywordLogger</class>
  <method>endKeyword</method>
  <thread>1</thread>
  <message>End action : verifyResponseStatusCode(AddSinglePerson, 200)</message>
  <nestedLevel>2</nestedLevel>
</record>
<record>
  <date>2019-04-23T12:26:44</date>
  <millis>1556015204986</millis>
  <sequence>55</sequence>
  <level>START</level>
  <class>com.kms.katalon.core.logging.XmlKeywordLogger</class>
  <method>startKeyword</method>
  <thread>1</thread>
  <message>Start action : name = list_name.get(i)</message>
  <nestedLevel>2</nestedLevel>
  <property name="startLine">85</property>
  <property name="stepIndex">1</property>
</record>
<record>
  <date>2019-04-23T12:26:44</date>
  <millis>1556015204986</millis>
  <sequence>56</sequence>
  <level>END</level>
  <class>com.kms.katalon.core.logging.XmlKeywordLogger</class>
  <method>endKeyword</method>
  <thread>1</thread>
  <message>End action : name = list_name.get(i)</message>
  <nestedLevel>2</nestedLevel>
</record>
<record>
  <date>2019-04-23T12:26:44</date>
  <millis>1556015204986</millis>
  <sequence>57</sequence>
  <level>START</level>
  <class>com.kms.katalon.core.logging.XmlKeywordLogger</class>
  <method>startKeyword</method>
  <thread>1</thread>
  <message>Start action : gender = list_gender.get(i)</message>
  <nestedLevel>2</nestedLevel>
  <property name="startLine">86</property>
  <property name="stepIndex">2</property>
</record>
<record>
  <date>2019-04-23T12:26:44</date>
  <millis>1556015204987</millis>
  <sequence>58</sequence>
  <level>END</level>
  <class>com.kms.katalon.core.logging.XmlKeywordLogger</class>
  <method>endKeyword</method>
  <thread>1</thread>
  <message>End action : gender = list_gender.get(i)</message>
  <nestedLevel>2</nestedLevel>
</record>
<record>
  <date>2019-04-23T12:26:44</date>
  <millis>1556015204987</millis>
  <sequence>59</sequence>
  <level>START</level>
  <class>com.kms.katalon.core.logging.XmlKeywordLogger</class>
  <method>startKeyword</method>
  <thread>1</thread>
  <message>Start action : BDate = list_BDate.get(i)</message>
  <nestedLevel>2</nestedLevel>
  <property name="startLine">87</property>
  <property name="stepIndex">3</property>
</record>
<record>
  <date>2019-04-23T12:26:44</date>
  <millis>1556015204988</millis>
  <sequence>60</sequence>
  <level>END</level>
  <class>com.kms.katalon.core.logging.XmlKeywordLogger</class>
  <method>endKeyword</method>
  <thread>1</thread>
  <message>End action : BDate = list_BDate.get(i)</message>
  <nestedLevel>2</nestedLevel>
</record>
<record>
  <date>2019-04-23T12:26:44</date>
  <millis>1556015204988</millis>
  <sequence>61</sequence>
  <level>START</level>
  <class>com.kms.katalon.core.logging.XmlKeywordLogger</class>
  <method>startKeyword</method>
  <thread>1</thread>
  <message>Start action : AddSinglePerson = sendRequest(findTestObject(\&amp;quot;PersonsOR/PostPerson\&amp;quot;, [\&amp;quot;gender\&amp;quot;:gender, \&amp;quot;name\&amp;quot;:name, \&amp;quot;dateBD\&amp;quot;:BDate]))</message>
  <nestedLevel>2</nestedLevel>
  <property name="startLine">88</property>
  <property name="stepIndex">4</property>
</record>
<record>
  <date>2019-04-23T12:26:45</date>
  <millis>1556015205001</millis>
  <sequence>64</sequence>
  <level>PASSED</level>
  <class>com.kms.katalon.core.logging.XmlKeywordLogger</class>
  <method>logMessage</method>
  <thread>1</thread>
  <message>Send request successfully</message>
  <nestedLevel>0</nestedLevel>
</record>
<record>
  <date>2019-04-23T12:26:45</date>
  <millis>1556015205001</millis>
  <sequence>65</sequence>
  <level>END</level>
  <class>com.kms.katalon.core.logging.XmlKeywordLogger</class>
  <method>endKeyword</method>
  <thread>1</thread>
  <message>End action : AddSinglePerson = sendRequest(findTestObject(\&amp;quot;PersonsOR/PostPerson\&amp;quot;, [\&amp;quot;gender\&amp;quot;:gender, \&amp;quot;name\&amp;quot;:name, \&amp;quot;dateBD\&amp;quot;:BDate]))</message>
  <nestedLevel>2</nestedLevel>
</record>
<record>
  <date>2019-04-23T12:26:45</date>
  <millis>1556015205002</millis>
  <sequence>66</sequence>
  <level>START</level>
  <class>com.kms.katalon.core.logging.XmlKeywordLogger</class>
  <method>startKeyword</method>
  <thread>1</thread>
  <message>Start action : verifyResponseStatusCode(AddSinglePerson, 200)</message>
  <nestedLevel>2</nestedLevel>
  <property name="startLine">90</property>
  <property name="stepIndex">5</property>
</record>
<record>
  <date>2019-04-23T12:26:45</date>
  <millis>1556015205005</millis>
  <sequence>68</sequence>
  <level>PASSED</level>
  <class>com.kms.katalon.core.logging.XmlKeywordLogger</class>
  <method>logMessage</method>
  <thread>1</thread>
  <message>Verify response status code successfully</message>
  <nestedLevel>0</nestedLevel>
</record>
<record>
  <date>2019-04-23T12:26:45</date>
  <millis>1556015205006</millis>
  <sequence>69</sequence>
  <level>END</level>
  <class>com.kms.katalon.core.logging.XmlKeywordLogger</class>
  <method>endKeyword</method>
  <thread>1</thread>
  <message>End action : verifyResponseStatusCode(AddSinglePerson, 200)</message>
  <nestedLevel>2</nestedLevel>
</record>
<record>
  <date>2019-04-23T12:26:45</date>
  <millis>1556015205006</millis>
  <sequence>70</sequence>
  <level>END</level>
  <class>com.kms.katalon.core.logging.XmlKeywordLogger</class>
  <method>endKeyword</method>
  <thread>1</thread>
  <message>End action : for (def i : (0..(rows_lign - 1)))</message>
  <nestedLevel>1</nestedLevel>
</record>
<record>
  <date>2019-04-23T12:26:45</date>
  <millis>1556015205006</millis>
  <sequence>71</sequence>
  <level>PASSED</level>
  <class>com.kms.katalon.core.logging.XmlKeywordLogger</class>
  <method>logMessage</method>
  <thread>1</thread>
  <message>Method &amp;apos;setUp&amp;apos; complete successfully</message>
  <nestedLevel>0</nestedLevel>
</record>
<record>
  <date>2019-04-23T12:26:45</date>
  <millis>1556015205007</millis>
  <sequence>72</sequence>
  <level>END</level>
  <class>com.kms.katalon.core.logging.XmlKeywordLogger</class>
  <method>endKeyword</method>
  <thread>1</thread>
  <message>End End action : setUp</message>
  <nestedLevel>0</nestedLevel>
</record>
<record>
  <date>2019-04-23T12:26:45</date>
  <millis>1556015205015</millis>
  <sequence>73</sequence>
  <level>START</level>
  <class>com.kms.katalon.core.logging.XmlKeywordLogger</class>
  <method>startTest</method>
  <thread>1</thread>
  <message>Start Test Case : Test Cases/cdT_Person/cdT_AddPerson</message>
  <nestedLevel>1</nestedLevel>
  <property name="name">Test Cases/cdT_Person/cdT_AddPerson</property>
  <property name="description">essai</property>
  <property name="id">Test Cases/cdT_Person/cdT_AddPerson</property>
  <property name="source">\\Users\\radjendirane\\Katalon Studio\\PersonsTestApi\\Test Cases\\cdT_Person\\cdT_AddPerson.tc</property>
  <property name="isOptional">false</property>
</record>
<record>
  <date>2019-04-23T12:26:45</date>
  <millis>1556015205043</millis>
  <sequence>75</sequence>
  <level>START</level>
  <class>com.kms.katalon.core.logging.XmlKeywordLogger</class>
  <method>startKeyword</method>
  <thread>1</thread>
  <message>Start setup action : setupTestCase</message>
  <nestedLevel>1</nestedLevel>
  <property name="isIgnoredIfFailed">false</property>
</record>
<record>
  <date>2019-04-23T12:26:45</date>
  <millis>1556015205043</millis>
  <sequence>76</sequence>
  <level>START</level>
  <class>com.kms.katalon.core.logging.XmlKeywordLogger</class>
  <method>startKeyword</method>
  <thread>1</thread>
  <message>Start action : valueExecSuiteTest = 1</message>
  <nestedLevel>1</nestedLevel>
  <property name="startLine">122</property>
  <property name="stepIndex">1</property>
</record>
<record>
  <date>2019-04-23T12:26:45</date>
  <millis>1556015205247</millis>
  <sequence>77</sequence>
  <level>END</level>
  <class>com.kms.katalon.core.logging.XmlKeywordLogger</class>
  <method>endKeyword</method>
  <thread>1</thread>
  <message>End action : valueExecSuiteTest = 1</message>
  <nestedLevel>1</nestedLevel>
</record>
<record>
  <date>2019-04-23T12:26:45</date>
  <millis>1556015205247</millis>
  <sequence>78</sequence>
  <level>PASSED</level>
  <class>com.kms.katalon.core.logging.XmlKeywordLogger</class>
  <method>logMessage</method>
  <thread>1</thread>
  <message>Method &amp;apos;setupTestCase&amp;apos; complete successfully</message>
  <nestedLevel>1</nestedLevel>
</record>
<record>
  <date>2019-04-23T12:26:45</date>
  <millis>1556015205247</millis>
  <sequence>79</sequence>
  <level>END</level>
  <class>com.kms.katalon.core.logging.XmlKeywordLogger</class>
  <method>endKeyword</method>
  <thread>1</thread>
  <message>End End action : setupTestCase</message>
  <nestedLevel>1</nestedLevel>
</record>
<record>
  <date>2019-04-23T12:26:45</date>
  <millis>1556015205494</millis>
  <sequence>80</sequence>
  <level>START</level>
  <class>com.kms.katalon.core.logging.XmlKeywordLogger</class>
  <method>startKeyword</method>
  <thread>1</thread>
  <message>Start action : checkPersonKo = sendRequest(findTestObject(\&amp;quot;PersonsOR/GetOnePerson\&amp;quot;))</message>
  <nestedLevel>1</nestedLevel>
  <property name="startLine">37</property>
  <property name="stepIndex">1</property>
</record>
<record>
  <date>2019-04-23T12:26:45</date>
  <millis>1556015205588</millis>
  <sequence>83</sequence>
  <level>PASSED</level>
  <class>com.kms.katalon.core.logging.XmlKeywordLogger</class>
  <method>logMessage</method>
  <thread>1</thread>
  <message>Send request successfully</message>
  <nestedLevel>1</nestedLevel>
</record>
<record>
  <date>2019-04-23T12:26:45</date>
  <millis>1556015205589</millis>
  <sequence>84</sequence>
  <level>END</level>
  <class>com.kms.katalon.core.logging.XmlKeywordLogger</class>
  <method>endKeyword</method>
  <thread>1</thread>
  <message>End action : checkPersonKo = sendRequest(findTestObject(\&amp;quot;PersonsOR/GetOnePerson\&amp;quot;))</message>
  <nestedLevel>1</nestedLevel>
</record>
<record>
  <date>2019-04-23T12:26:45</date>
  <millis>1556015205589</millis>
  <sequence>85</sequence>
  <level>START</level>
  <class>com.kms.katalon.core.logging.XmlKeywordLogger</class>
  <method>startKeyword</method>
  <thread>1</thread>
  <message>Start action : verifyResponseStatusCode(checkPersonKo, 404)</message>
  <nestedLevel>1</nestedLevel>
  <property name="startLine">38</property>
  <property name="stepIndex">2</property>
</record>
<record>
  <date>2019-04-23T12:26:45</date>
  <millis>1556015205591</millis>
  <sequence>87</sequence>
  <level>PASSED</level>
  <class>com.kms.katalon.core.logging.XmlKeywordLogger</class>
  <method>logMessage</method>
  <thread>1</thread>
  <message>Verify response status code successfully</message>
  <nestedLevel>1</nestedLevel>
</record>
<record>
  <date>2019-04-23T12:26:45</date>
  <millis>1556015205591</millis>
  <sequence>88</sequence>
  <level>END</level>
  <class>com.kms.katalon.core.logging.XmlKeywordLogger</class>
  <method>endKeyword</method>
  <thread>1</thread>
  <message>End action : verifyResponseStatusCode(checkPersonKo, 404)</message>
  <nestedLevel>1</nestedLevel>
</record>
<record>
  <date>2019-04-23T12:26:45</date>
  <millis>1556015205592</millis>
  <sequence>89</sequence>
  <level>START</level>
  <class>com.kms.katalon.core.logging.XmlKeywordLogger</class>
  <method>startKeyword</method>
  <thread>1</thread>
  <message>Start action : AddSinglePerson = sendRequest(findTestObject(\&amp;quot;PersonsOR/PostPerson\&amp;quot;, [\&amp;quot;gender\&amp;quot;:gender, \&amp;quot;name\&amp;quot;:namePerson, \&amp;quot;dateBD\&amp;quot;:birthDate]))</message>
  <nestedLevel>1</nestedLevel>
  <property name="startLine">43</property>
  <property name="stepIndex">3</property>
</record>
<record>
  <date>2019-04-23T12:26:45</date>
  <millis>1556015205605</millis>
  <sequence>92</sequence>
  <level>PASSED</level>
  <class>com.kms.katalon.core.logging.XmlKeywordLogger</class>
  <method>logMessage</method>
  <thread>1</thread>
  <message>Send request successfully</message>
  <nestedLevel>1</nestedLevel>
</record>
<record>
  <date>2019-04-23T12:26:45</date>
  <millis>1556015205605</millis>
  <sequence>93</sequence>
  <level>END</level>
  <class>com.kms.katalon.core.logging.XmlKeywordLogger</class>
  <method>endKeyword</method>
  <thread>1</thread>
  <message>End action : AddSinglePerson = sendRequest(findTestObject(\&amp;quot;PersonsOR/PostPerson\&amp;quot;, [\&amp;quot;gender\&amp;quot;:gender, \&amp;quot;name\&amp;quot;:namePerson, \&amp;quot;dateBD\&amp;quot;:birthDate]))</message>
  <nestedLevel>1</nestedLevel>
</record>
<record>
  <date>2019-04-23T12:26:45</date>
  <millis>1556015205606</millis>
  <sequence>94</sequence>
  <level>START</level>
  <class>com.kms.katalon.core.logging.XmlKeywordLogger</class>
  <method>startKeyword</method>
  <thread>1</thread>
  <message>Start action : slurper = new groovy.json.JsonSlurper()</message>
  <nestedLevel>1</nestedLevel>
  <property name="startLine">45</property>
  <property name="stepIndex">4</property>
</record>
<record>
  <date>2019-04-23T12:26:45</date>
  <millis>1556015205610</millis>
  <sequence>95</sequence>
  <level>END</level>
  <class>com.kms.katalon.core.logging.XmlKeywordLogger</class>
  <method>endKeyword</method>
  <thread>1</thread>
  <message>End action : slurper = new groovy.json.JsonSlurper()</message>
  <nestedLevel>1</nestedLevel>
</record>
<record>
  <date>2019-04-23T12:26:45</date>
  <millis>1556015205610</millis>
  <sequence>96</sequence>
  <level>START</level>
  <class>com.kms.katalon.core.logging.XmlKeywordLogger</class>
  <method>startKeyword</method>
  <thread>1</thread>
  <message>Start action : result = slurper.parseText(AddSinglePerson.getResponseBodyContent())</message>
  <nestedLevel>1</nestedLevel>
  <property name="startLine">46</property>
  <property name="stepIndex">5</property>
</record>
<record>
  <date>2019-04-23T12:26:45</date>
  <millis>1556015205636</millis>
  <sequence>97</sequence>
  <level>END</level>
  <class>com.kms.katalon.core.logging.XmlKeywordLogger</class>
  <method>endKeyword</method>
  <thread>1</thread>
  <message>End action : result = slurper.parseText(AddSinglePerson.getResponseBodyContent())</message>
  <nestedLevel>1</nestedLevel>
</record>
<record>
  <date>2019-04-23T12:26:45</date>
  <millis>1556015205636</millis>
  <sequence>98</sequence>
  <level>START</level>
  <class>com.kms.katalon.core.logging.XmlKeywordLogger</class>
  <method>startKeyword</method>
  <thread>1</thread>
  <message>Start action : assert name == namePerson</message>
  <nestedLevel>1</nestedLevel>
  <property name="startLine">47</property>
  <property name="stepIndex">6</property>
</record>
<record>
  <date>2019-04-23T12:26:45</date>
  <millis>1556015205647</millis>
  <sequence>99</sequence>
  <level>END</level>
  <class>com.kms.katalon.core.logging.XmlKeywordLogger</class>
  <method>endKeyword</method>
  <thread>1</thread>
  <message>End action : assert name == namePerson</message>
  <nestedLevel>1</nestedLevel>
</record>
<record>
  <date>2019-04-23T12:26:45</date>
  <millis>1556015205647</millis>
  <sequence>100</sequence>
  <level>START</level>
  <class>com.kms.katalon.core.logging.XmlKeywordLogger</class>
  <method>startKeyword</method>
  <thread>1</thread>
  <message>Start action : assert gender == gender</message>
  <nestedLevel>1</nestedLevel>
  <property name="startLine">48</property>
  <property name="stepIndex">7</property>
</record>
<record>
  <date>2019-04-23T12:26:45</date>
  <millis>1556015205648</millis>
  <sequence>101</sequence>
  <level>END</level>
  <class>com.kms.katalon.core.logging.XmlKeywordLogger</class>
  <method>endKeyword</method>
  <thread>1</thread>
  <message>End action : assert gender == gender</message>
  <nestedLevel>1</nestedLevel>
</record>
<record>
  <date>2019-04-23T12:26:45</date>
  <millis>1556015205648</millis>
  <sequence>102</sequence>
  <level>START</level>
  <class>com.kms.katalon.core.logging.XmlKeywordLogger</class>
  <method>startKeyword</method>
  <thread>1</thread>
  <message>Start action : assert birthDate == birthDate</message>
  <nestedLevel>1</nestedLevel>
  <property name="startLine">49</property>
  <property name="stepIndex">8</property>
</record>
<record>
  <date>2019-04-23T12:26:45</date>
  <millis>1556015205649</millis>
  <sequence>103</sequence>
  <level>END</level>
  <class>com.kms.katalon.core.logging.XmlKeywordLogger</class>
  <method>endKeyword</method>
  <thread>1</thread>
  <message>End action : assert birthDate == birthDate</message>
  <nestedLevel>1</nestedLevel>
</record>
<record>
  <date>2019-04-23T12:26:45</date>
  <millis>1556015205649</millis>
  <sequence>104</sequence>
  <level>START</level>
  <class>com.kms.katalon.core.logging.XmlKeywordLogger</class>
  <method>startKeyword</method>
  <thread>1</thread>
  <message>Start action : verifyResponseStatusCode(AddSinglePerson, 200)</message>
  <nestedLevel>1</nestedLevel>
  <property name="startLine">50</property>
  <property name="stepIndex">9</property>
</record>
<record>
  <date>2019-04-23T12:26:45</date>
  <millis>1556015205651</millis>
  <sequence>106</sequence>
  <level>PASSED</level>
  <class>com.kms.katalon.core.logging.XmlKeywordLogger</class>
  <method>logMessage</method>
  <thread>1</thread>
  <message>Verify response status code successfully</message>
  <nestedLevel>1</nestedLevel>
</record>
<record>
  <date>2019-04-23T12:26:45</date>
  <millis>1556015205651</millis>
  <sequence>107</sequence>
  <level>END</level>
  <class>com.kms.katalon.core.logging.XmlKeywordLogger</class>
  <method>endKeyword</method>
  <thread>1</thread>
  <message>End action : verifyResponseStatusCode(AddSinglePerson, 200)</message>
  <nestedLevel>1</nestedLevel>
</record>
<record>
  <date>2019-04-23T12:26:45</date>
  <millis>1556015205651</millis>
  <sequence>108</sequence>
  <level>START</level>
  <class>com.kms.katalon.core.logging.XmlKeywordLogger</class>
  <method>startKeyword</method>
  <thread>1</thread>
  <message>Start action : checkIfPersonWellAdded = sendRequest(findTestObject(\&amp;quot;PersonsOR/GetOnePerson\&amp;quot;))</message>
  <nestedLevel>1</nestedLevel>
  <property name="startLine">53</property>
  <property name="stepIndex">10</property>
</record>
<record>
  <date>2019-04-23T12:26:45</date>
  <millis>1556015205713</millis>
  <sequence>111</sequence>
  <level>PASSED</level>
  <class>com.kms.katalon.core.logging.XmlKeywordLogger</class>
  <method>logMessage</method>
  <thread>1</thread>
  <message>Send request successfully</message>
  <nestedLevel>1</nestedLevel>
</record>
<record>
  <date>2019-04-23T12:26:45</date>
  <millis>1556015205715</millis>
  <sequence>112</sequence>
  <level>END</level>
  <class>com.kms.katalon.core.logging.XmlKeywordLogger</class>
  <method>endKeyword</method>
  <thread>1</thread>
  <message>End action : checkIfPersonWellAdded = sendRequest(findTestObject(\&amp;quot;PersonsOR/GetOnePerson\&amp;quot;))</message>
  <nestedLevel>1</nestedLevel>
</record>
<record>
  <date>2019-04-23T12:26:45</date>
  <millis>1556015205715</millis>
  <sequence>113</sequence>
  <level>START</level>
  <class>com.kms.katalon.core.logging.XmlKeywordLogger</class>
  <method>startKeyword</method>
  <thread>1</thread>
  <message>Start action : slurper1 = new groovy.json.JsonSlurper()</message>
  <nestedLevel>1</nestedLevel>
  <property name="startLine">54</property>
  <property name="stepIndex">11</property>
</record>
<record>
  <date>2019-04-23T12:26:45</date>
  <millis>1556015205716</millis>
  <sequence>114</sequence>
  <level>END</level>
  <class>com.kms.katalon.core.logging.XmlKeywordLogger</class>
  <method>endKeyword</method>
  <thread>1</thread>
  <message>End action : slurper1 = new groovy.json.JsonSlurper()</message>
  <nestedLevel>1</nestedLevel>
</record>
<record>
  <date>2019-04-23T12:26:45</date>
  <millis>1556015205716</millis>
  <sequence>115</sequence>
  <level>START</level>
  <class>com.kms.katalon.core.logging.XmlKeywordLogger</class>
  <method>startKeyword</method>
  <thread>1</thread>
  <message>Start action : result1 = slurper1.parseText(checkIfPersonWellAdded.getResponseBodyContent())</message>
  <nestedLevel>1</nestedLevel>
  <property name="startLine">55</property>
  <property name="stepIndex">12</property>
</record>
<record>
  <date>2019-04-23T12:26:45</date>
  <millis>1556015205717</millis>
  <sequence>116</sequence>
  <level>END</level>
  <class>com.kms.katalon.core.logging.XmlKeywordLogger</class>
  <method>endKeyword</method>
  <thread>1</thread>
  <message>End action : result1 = slurper1.parseText(checkIfPersonWellAdded.getResponseBodyContent())</message>
  <nestedLevel>1</nestedLevel>
</record>
<record>
  <date>2019-04-23T12:26:45</date>
  <millis>1556015205717</millis>
  <sequence>117</sequence>
  <level>START</level>
  <class>com.kms.katalon.core.logging.XmlKeywordLogger</class>
  <method>startKeyword</method>
  <thread>1</thread>
  <message>Start action : assert name == namePerson</message>
  <nestedLevel>1</nestedLevel>
  <property name="startLine">56</property>
  <property name="stepIndex">13</property>
</record>
<record>
  <date>2019-04-23T12:26:45</date>
  <millis>1556015205718</millis>
  <sequence>118</sequence>
  <level>END</level>
  <class>com.kms.katalon.core.logging.XmlKeywordLogger</class>
  <method>endKeyword</method>
  <thread>1</thread>
  <message>End action : assert name == namePerson</message>
  <nestedLevel>1</nestedLevel>
</record>
<record>
  <date>2019-04-23T12:26:45</date>
  <millis>1556015205718</millis>
  <sequence>119</sequence>
  <level>START</level>
  <class>com.kms.katalon.core.logging.XmlKeywordLogger</class>
  <method>startKeyword</method>
  <thread>1</thread>
  <message>Start action : assert gender == gender</message>
  <nestedLevel>1</nestedLevel>
  <property name="startLine">57</property>
  <property name="stepIndex">14</property>
</record>
<record>
  <date>2019-04-23T12:26:45</date>
  <millis>1556015205719</millis>
  <sequence>120</sequence>
  <level>END</level>
  <class>com.kms.katalon.core.logging.XmlKeywordLogger</class>
  <method>endKeyword</method>
  <thread>1</thread>
  <message>End action : assert gender == gender</message>
  <nestedLevel>1</nestedLevel>
</record>
<record>
  <date>2019-04-23T12:26:45</date>
  <millis>1556015205719</millis>
  <sequence>121</sequence>
  <level>START</level>
  <class>com.kms.katalon.core.logging.XmlKeywordLogger</class>
  <method>startKeyword</method>
  <thread>1</thread>
  <message>Start action : assert birthDate == birthDate</message>
  <nestedLevel>1</nestedLevel>
  <property name="startLine">58</property>
  <property name="stepIndex">15</property>
</record>
<record>
  <date>2019-04-23T12:26:45</date>
  <millis>1556015205719</millis>
  <sequence>122</sequence>
  <level>END</level>
  <class>com.kms.katalon.core.logging.XmlKeywordLogger</class>
  <method>endKeyword</method>
  <thread>1</thread>
  <message>End action : assert birthDate == birthDate</message>
  <nestedLevel>1</nestedLevel>
</record>
<record>
  <date>2019-04-23T12:26:45</date>
  <millis>1556015205720</millis>
  <sequence>123</sequence>
  <level>START</level>
  <class>com.kms.katalon.core.logging.XmlKeywordLogger</class>
  <method>startKeyword</method>
  <thread>1</thread>
  <message>Start action : verifyResponseStatusCode(AddSinglePerson, 200)</message>
  <nestedLevel>1</nestedLevel>
  <property name="startLine">59</property>
  <property name="stepIndex">16</property>
</record>
<record>
  <date>2019-04-23T12:26:45</date>
  <millis>1556015205721</millis>
  <sequence>125</sequence>
  <level>PASSED</level>
  <class>com.kms.katalon.core.logging.XmlKeywordLogger</class>
  <method>logMessage</method>
  <thread>1</thread>
  <message>Verify response status code successfully</message>
  <nestedLevel>1</nestedLevel>
</record>
<record>
  <date>2019-04-23T12:26:45</date>
  <millis>1556015205722</millis>
  <sequence>126</sequence>
  <level>END</level>
  <class>com.kms.katalon.core.logging.XmlKeywordLogger</class>
  <method>endKeyword</method>
  <thread>1</thread>
  <message>End action : verifyResponseStatusCode(AddSinglePerson, 200)</message>
  <nestedLevel>1</nestedLevel>
</record>
<record>
  <date>2019-04-23T12:26:45</date>
  <millis>1556015205722</millis>
  <sequence>127</sequence>
  <level>START</level>
  <class>com.kms.katalon.core.logging.XmlKeywordLogger</class>
  <method>startKeyword</method>
  <thread>1</thread>
  <message>Start action : DeletePersonAddedLastely = sendRequest(findTestObject(\&amp;quot;PersonsOR/DeleteOnePerson\&amp;quot;))</message>
  <nestedLevel>1</nestedLevel>
  <property name="startLine">62</property>
  <property name="stepIndex">17</property>
</record>
<record>
  <date>2019-04-23T12:26:45</date>
  <millis>1556015205794</millis>
  <sequence>130</sequence>
  <level>PASSED</level>
  <class>com.kms.katalon.core.logging.XmlKeywordLogger</class>
  <method>logMessage</method>
  <thread>1</thread>
  <message>Send request successfully</message>
  <nestedLevel>1</nestedLevel>
</record>
<record>
  <date>2019-04-23T12:26:45</date>
  <millis>1556015205794</millis>
  <sequence>131</sequence>
  <level>END</level>
  <class>com.kms.katalon.core.logging.XmlKeywordLogger</class>
  <method>endKeyword</method>
  <thread>1</thread>
  <message>End action : DeletePersonAddedLastely = sendRequest(findTestObject(\&amp;quot;PersonsOR/DeleteOnePerson\&amp;quot;))</message>
  <nestedLevel>1</nestedLevel>
</record>
<record>
  <date>2019-04-23T12:26:45</date>
  <millis>1556015205795</millis>
  <sequence>132</sequence>
  <level>START</level>
  <class>com.kms.katalon.core.logging.XmlKeywordLogger</class>
  <method>startKeyword</method>
  <thread>1</thread>
  <message>Start action : verifyResponseStatusCode(DeletePersonAddedLastely, 204)</message>
  <nestedLevel>1</nestedLevel>
  <property name="startLine">63</property>
  <property name="stepIndex">18</property>
</record>
<record>
  <date>2019-04-23T12:26:45</date>
  <millis>1556015205797</millis>
  <sequence>134</sequence>
  <level>PASSED</level>
  <class>com.kms.katalon.core.logging.XmlKeywordLogger</class>
  <method>logMessage</method>
  <thread>1</thread>
  <message>Verify response status code successfully</message>
  <nestedLevel>1</nestedLevel>
</record>
<record>
  <date>2019-04-23T12:26:45</date>
  <millis>1556015205798</millis>
  <sequence>135</sequence>
  <level>END</level>
  <class>com.kms.katalon.core.logging.XmlKeywordLogger</class>
  <method>endKeyword</method>
  <thread>1</thread>
  <message>End action : verifyResponseStatusCode(DeletePersonAddedLastely, 204)</message>
  <nestedLevel>1</nestedLevel>
</record>
<record>
  <date>2019-04-23T12:26:45</date>
  <millis>1556015205798</millis>
  <sequence>136</sequence>
  <level>START</level>
  <class>com.kms.katalon.core.logging.XmlKeywordLogger</class>
  <method>startKeyword</method>
  <thread>1</thread>
  <message>Start action : checkPersonKoAgain = sendRequest(findTestObject(\&amp;quot;PersonsOR/GetOnePerson\&amp;quot;))</message>
  <nestedLevel>1</nestedLevel>
  <property name="startLine">66</property>
  <property name="stepIndex">19</property>
</record>
<record>
  <date>2019-04-23T12:26:45</date>
  <millis>1556015205847</millis>
  <sequence>139</sequence>
  <level>PASSED</level>
  <class>com.kms.katalon.core.logging.XmlKeywordLogger</class>
  <method>logMessage</method>
  <thread>1</thread>
  <message>Send request successfully</message>
  <nestedLevel>1</nestedLevel>
</record>
<record>
  <date>2019-04-23T12:26:45</date>
  <millis>1556015205848</millis>
  <sequence>140</sequence>
  <level>END</level>
  <class>com.kms.katalon.core.logging.XmlKeywordLogger</class>
  <method>endKeyword</method>
  <thread>1</thread>
  <message>End action : checkPersonKoAgain = sendRequest(findTestObject(\&amp;quot;PersonsOR/GetOnePerson\&amp;quot;))</message>
  <nestedLevel>1</nestedLevel>
</record>
<record>
  <date>2019-04-23T12:26:45</date>
  <millis>1556015205848</millis>
  <sequence>141</sequence>
  <level>START</level>
  <class>com.kms.katalon.core.logging.XmlKeywordLogger</class>
  <method>startKeyword</method>
  <thread>1</thread>
  <message>Start action : verifyResponseStatusCode(checkPersonKoAgain, 404)</message>
  <nestedLevel>1</nestedLevel>
  <property name="startLine">67</property>
  <property name="stepIndex">20</property>
</record>
<record>
  <date>2019-04-23T12:26:45</date>
  <millis>1556015205852</millis>
  <sequence>143</sequence>
  <level>PASSED</level>
  <class>com.kms.katalon.core.logging.XmlKeywordLogger</class>
  <method>logMessage</method>
  <thread>1</thread>
  <message>Verify response status code successfully</message>
  <nestedLevel>1</nestedLevel>
</record>
<record>
  <date>2019-04-23T12:26:45</date>
  <millis>1556015205852</millis>
  <sequence>144</sequence>
  <level>END</level>
  <class>com.kms.katalon.core.logging.XmlKeywordLogger</class>
  <method>endKeyword</method>
  <thread>1</thread>
  <message>End action : verifyResponseStatusCode(checkPersonKoAgain, 404)</message>
  <nestedLevel>1</nestedLevel>
</record>
<record>
  <date>2019-04-23T12:26:45</date>
  <millis>1556015205852</millis>
  <sequence>145</sequence>
  <level>PASSED</level>
  <class>com.kms.katalon.core.logging.XmlKeywordLogger</class>
  <method>logMessage</method>
  <thread>1</thread>
  <message>Test Cases/cdT_Person/cdT_AddPerson</message>
  <nestedLevel>1</nestedLevel>
</record>
<record>
  <date>2019-04-23T12:26:45</date>
  <millis>1556015205853</millis>
  <sequence>146</sequence>
  <level>END</level>
  <class>com.kms.katalon.core.logging.XmlKeywordLogger</class>
  <method>endTest</method>
  <thread>1</thread>
  <message>End Test Case : Test Cases/cdT_Person/cdT_AddPerson</message>
  <nestedLevel>0</nestedLevel>
</record>
<record>
  <date>2019-04-23T12:26:45</date>
  <millis>1556015205861</millis>
  <sequence>147</sequence>
  <level>START</level>
  <class>com.kms.katalon.core.logging.XmlKeywordLogger</class>
  <method>startTest</method>
  <thread>1</thread>
  <message>Start Test Case : Test Cases/cdT_Person/cdT_DeletePerson</message>
  <nestedLevel>1</nestedLevel>
  <property name="name">Test Cases/cdT_Person/cdT_DeletePerson</property>
  <property name="description"></property>
  <property name="id">Test Cases/cdT_Person/cdT_DeletePerson</property>
  <property name="source">\\Users\\radjendirane\\Katalon Studio\\PersonsTestApi\\Test Cases\\cdT_Person\\cdT_DeletePerson.tc</property>
  <property name="isOptional">false</property>
</record>
<record>
  <date>2019-04-23T12:26:45</date>
  <millis>1556015205884</millis>
  <sequence>149</sequence>
  <level>START</level>
  <class>com.kms.katalon.core.logging.XmlKeywordLogger</class>
  <method>startKeyword</method>
  <thread>1</thread>
  <message>Start setup action : setupTestCase</message>
  <nestedLevel>1</nestedLevel>
  <property name="isIgnoredIfFailed">false</property>
</record>
<record>
  <date>2019-04-23T12:26:45</date>
  <millis>1556015205885</millis>
  <sequence>150</sequence>
  <level>START</level>
  <class>com.kms.katalon.core.logging.XmlKeywordLogger</class>
  <method>startKeyword</method>
  <thread>1</thread>
  <message>Start action : valueExecSuiteTest = 1</message>
  <nestedLevel>1</nestedLevel>
  <property name="startLine">122</property>
  <property name="stepIndex">1</property>
</record>
<record>
  <date>2019-04-23T12:26:45</date>
  <millis>1556015205886</millis>
  <sequence>151</sequence>
  <level>END</level>
  <class>com.kms.katalon.core.logging.XmlKeywordLogger</class>
  <method>endKeyword</method>
  <thread>1</thread>
  <message>End action : valueExecSuiteTest = 1</message>
  <nestedLevel>1</nestedLevel>
</record>
<record>
  <date>2019-04-23T12:26:45</date>
  <millis>1556015205886</millis>
  <sequence>152</sequence>
  <level>PASSED</level>
  <class>com.kms.katalon.core.logging.XmlKeywordLogger</class>
  <method>logMessage</method>
  <thread>1</thread>
  <message>Method &amp;apos;setupTestCase&amp;apos; complete successfully</message>
  <nestedLevel>1</nestedLevel>
</record>
<record>
  <date>2019-04-23T12:26:45</date>
  <millis>1556015205886</millis>
  <sequence>153</sequence>
  <level>END</level>
  <class>com.kms.katalon.core.logging.XmlKeywordLogger</class>
  <method>endKeyword</method>
  <thread>1</thread>
  <message>End End action : setupTestCase</message>
  <nestedLevel>1</nestedLevel>
</record>
<record>
  <date>2019-04-23T12:26:46</date>
  <millis>1556015206080</millis>
  <sequence>154</sequence>
  <level>START</level>
  <class>com.kms.katalon.core.logging.XmlKeywordLogger</class>
  <method>startKeyword</method>
  <thread>1</thread>
  <message>Start action : AddSinglePerson = sendRequest(findTestObject(\&amp;quot;PersonsOR/PostPerson\&amp;quot;, [\&amp;quot;gender\&amp;quot;:gender, \&amp;quot;name\&amp;quot;:namePerson, \&amp;quot;dateBD\&amp;quot;:birthDate]))</message>
  <nestedLevel>1</nestedLevel>
  <property name="startLine">37</property>
  <property name="stepIndex">1</property>
</record>
<record>
  <date>2019-04-23T12:26:46</date>
  <millis>1556015206092</millis>
  <sequence>157</sequence>
  <level>PASSED</level>
  <class>com.kms.katalon.core.logging.XmlKeywordLogger</class>
  <method>logMessage</method>
  <thread>1</thread>
  <message>Send request successfully</message>
  <nestedLevel>1</nestedLevel>
</record>
<record>
  <date>2019-04-23T12:26:46</date>
  <millis>1556015206092</millis>
  <sequence>158</sequence>
  <level>END</level>
  <class>com.kms.katalon.core.logging.XmlKeywordLogger</class>
  <method>endKeyword</method>
  <thread>1</thread>
  <message>End action : AddSinglePerson = sendRequest(findTestObject(\&amp;quot;PersonsOR/PostPerson\&amp;quot;, [\&amp;quot;gender\&amp;quot;:gender, \&amp;quot;name\&amp;quot;:namePerson, \&amp;quot;dateBD\&amp;quot;:birthDate]))</message>
  <nestedLevel>1</nestedLevel>
</record>
<record>
  <date>2019-04-23T12:26:46</date>
  <millis>1556015206093</millis>
  <sequence>159</sequence>
  <level>START</level>
  <class>com.kms.katalon.core.logging.XmlKeywordLogger</class>
  <method>startKeyword</method>
  <thread>1</thread>
  <message>Start action : slurper = new groovy.json.JsonSlurper()</message>
  <nestedLevel>1</nestedLevel>
  <property name="startLine">39</property>
  <property name="stepIndex">2</property>
</record>
<record>
  <date>2019-04-23T12:26:46</date>
  <millis>1556015206093</millis>
  <sequence>160</sequence>
  <level>END</level>
  <class>com.kms.katalon.core.logging.XmlKeywordLogger</class>
  <method>endKeyword</method>
  <thread>1</thread>
  <message>End action : slurper = new groovy.json.JsonSlurper()</message>
  <nestedLevel>1</nestedLevel>
</record>
<record>
  <date>2019-04-23T12:26:46</date>
  <millis>1556015206094</millis>
  <sequence>161</sequence>
  <level>START</level>
  <class>com.kms.katalon.core.logging.XmlKeywordLogger</class>
  <method>startKeyword</method>
  <thread>1</thread>
  <message>Start action : result = slurper.parseText(AddSinglePerson.getResponseBodyContent())</message>
  <nestedLevel>1</nestedLevel>
  <property name="startLine">40</property>
  <property name="stepIndex">3</property>
</record>
<record>
  <date>2019-04-23T12:26:46</date>
  <millis>1556015206094</millis>
  <sequence>162</sequence>
  <level>END</level>
  <class>com.kms.katalon.core.logging.XmlKeywordLogger</class>
  <method>endKeyword</method>
  <thread>1</thread>
  <message>End action : result = slurper.parseText(AddSinglePerson.getResponseBodyContent())</message>
  <nestedLevel>1</nestedLevel>
</record>
<record>
  <date>2019-04-23T12:26:46</date>
  <millis>1556015206094</millis>
  <sequence>163</sequence>
  <level>START</level>
  <class>com.kms.katalon.core.logging.XmlKeywordLogger</class>
  <method>startKeyword</method>
  <thread>1</thread>
  <message>Start action : assert name == namePerson</message>
  <nestedLevel>1</nestedLevel>
  <property name="startLine">41</property>
  <property name="stepIndex">4</property>
</record>
<record>
  <date>2019-04-23T12:26:46</date>
  <millis>1556015206095</millis>
  <sequence>164</sequence>
  <level>END</level>
  <class>com.kms.katalon.core.logging.XmlKeywordLogger</class>
  <method>endKeyword</method>
  <thread>1</thread>
  <message>End action : assert name == namePerson</message>
  <nestedLevel>1</nestedLevel>
</record>
<record>
  <date>2019-04-23T12:26:46</date>
  <millis>1556015206096</millis>
  <sequence>165</sequence>
  <level>START</level>
  <class>com.kms.katalon.core.logging.XmlKeywordLogger</class>
  <method>startKeyword</method>
  <thread>1</thread>
  <message>Start action : assert gender == gender</message>
  <nestedLevel>1</nestedLevel>
  <property name="startLine">42</property>
  <property name="stepIndex">5</property>
</record>
<record>
  <date>2019-04-23T12:26:46</date>
  <millis>1556015206097</millis>
  <sequence>166</sequence>
  <level>END</level>
  <class>com.kms.katalon.core.logging.XmlKeywordLogger</class>
  <method>endKeyword</method>
  <thread>1</thread>
  <message>End action : assert gender == gender</message>
  <nestedLevel>1</nestedLevel>
</record>
<record>
  <date>2019-04-23T12:26:46</date>
  <millis>1556015206097</millis>
  <sequence>167</sequence>
  <level>START</level>
  <class>com.kms.katalon.core.logging.XmlKeywordLogger</class>
  <method>startKeyword</method>
  <thread>1</thread>
  <message>Start action : assert birthDate == birthDate</message>
  <nestedLevel>1</nestedLevel>
  <property name="startLine">43</property>
  <property name="stepIndex">6</property>
</record>
<record>
  <date>2019-04-23T12:26:46</date>
  <millis>1556015206098</millis>
  <sequence>168</sequence>
  <level>END</level>
  <class>com.kms.katalon.core.logging.XmlKeywordLogger</class>
  <method>endKeyword</method>
  <thread>1</thread>
  <message>End action : assert birthDate == birthDate</message>
  <nestedLevel>1</nestedLevel>
</record>
<record>
  <date>2019-04-23T12:26:46</date>
  <millis>1556015206098</millis>
  <sequence>169</sequence>
  <level>START</level>
  <class>com.kms.katalon.core.logging.XmlKeywordLogger</class>
  <method>startKeyword</method>
  <thread>1</thread>
  <message>Start action : verifyResponseStatusCode(AddSinglePerson, 200)</message>
  <nestedLevel>1</nestedLevel>
  <property name="startLine">44</property>
  <property name="stepIndex">7</property>
</record>
<record>
  <date>2019-04-23T12:26:46</date>
  <millis>1556015206099</millis>
  <sequence>171</sequence>
  <level>PASSED</level>
  <class>com.kms.katalon.core.logging.XmlKeywordLogger</class>
  <method>logMessage</method>
  <thread>1</thread>
  <message>Verify response status code successfully</message>
  <nestedLevel>1</nestedLevel>
</record>
<record>
  <date>2019-04-23T12:26:46</date>
  <millis>1556015206100</millis>
  <sequence>172</sequence>
  <level>END</level>
  <class>com.kms.katalon.core.logging.XmlKeywordLogger</class>
  <method>endKeyword</method>
  <thread>1</thread>
  <message>End action : verifyResponseStatusCode(AddSinglePerson, 200)</message>
  <nestedLevel>1</nestedLevel>
</record>
<record>
  <date>2019-04-23T12:26:46</date>
  <millis>1556015206100</millis>
  <sequence>173</sequence>
  <level>START</level>
  <class>com.kms.katalon.core.logging.XmlKeywordLogger</class>
  <method>startKeyword</method>
  <thread>1</thread>
  <message>Start action : checkIfPersonWellAdded = sendRequest(findTestObject(\&amp;quot;PersonsOR/GetOnePerson\&amp;quot;))</message>
  <nestedLevel>1</nestedLevel>
  <property name="startLine">47</property>
  <property name="stepIndex">8</property>
</record>
<record>
  <date>2019-04-23T12:26:46</date>
  <millis>1556015206143</millis>
  <sequence>176</sequence>
  <level>PASSED</level>
  <class>com.kms.katalon.core.logging.XmlKeywordLogger</class>
  <method>logMessage</method>
  <thread>1</thread>
  <message>Send request successfully</message>
  <nestedLevel>1</nestedLevel>
</record>
<record>
  <date>2019-04-23T12:26:46</date>
  <millis>1556015206144</millis>
  <sequence>177</sequence>
  <level>END</level>
  <class>com.kms.katalon.core.logging.XmlKeywordLogger</class>
  <method>endKeyword</method>
  <thread>1</thread>
  <message>End action : checkIfPersonWellAdded = sendRequest(findTestObject(\&amp;quot;PersonsOR/GetOnePerson\&amp;quot;))</message>
  <nestedLevel>1</nestedLevel>
</record>
<record>
  <date>2019-04-23T12:26:46</date>
  <millis>1556015206144</millis>
  <sequence>178</sequence>
  <level>START</level>
  <class>com.kms.katalon.core.logging.XmlKeywordLogger</class>
  <method>startKeyword</method>
  <thread>1</thread>
  <message>Start action : slurper1 = new groovy.json.JsonSlurper()</message>
  <nestedLevel>1</nestedLevel>
  <property name="startLine">48</property>
  <property name="stepIndex">9</property>
</record>
<record>
  <date>2019-04-23T12:26:46</date>
  <millis>1556015206144</millis>
  <sequence>179</sequence>
  <level>END</level>
  <class>com.kms.katalon.core.logging.XmlKeywordLogger</class>
  <method>endKeyword</method>
  <thread>1</thread>
  <message>End action : slurper1 = new groovy.json.JsonSlurper()</message>
  <nestedLevel>1</nestedLevel>
</record>
<record>
  <date>2019-04-23T12:26:46</date>
  <millis>1556015206144</millis>
  <sequence>180</sequence>
  <level>START</level>
  <class>com.kms.katalon.core.logging.XmlKeywordLogger</class>
  <method>startKeyword</method>
  <thread>1</thread>
  <message>Start action : result1 = slurper1.parseText(checkIfPersonWellAdded.getResponseBodyContent())</message>
  <nestedLevel>1</nestedLevel>
  <property name="startLine">49</property>
  <property name="stepIndex">10</property>
</record>
<record>
  <date>2019-04-23T12:26:46</date>
  <millis>1556015206145</millis>
  <sequence>181</sequence>
  <level>END</level>
  <class>com.kms.katalon.core.logging.XmlKeywordLogger</class>
  <method>endKeyword</method>
  <thread>1</thread>
  <message>End action : result1 = slurper1.parseText(checkIfPersonWellAdded.getResponseBodyContent())</message>
  <nestedLevel>1</nestedLevel>
</record>
<record>
  <date>2019-04-23T12:26:46</date>
  <millis>1556015206145</millis>
  <sequence>182</sequence>
  <level>START</level>
  <class>com.kms.katalon.core.logging.XmlKeywordLogger</class>
  <method>startKeyword</method>
  <thread>1</thread>
  <message>Start action : assert name == namePerson</message>
  <nestedLevel>1</nestedLevel>
  <property name="startLine">50</property>
  <property name="stepIndex">11</property>
</record>
<record>
  <date>2019-04-23T12:26:46</date>
  <millis>1556015206146</millis>
  <sequence>183</sequence>
  <level>END</level>
  <class>com.kms.katalon.core.logging.XmlKeywordLogger</class>
  <method>endKeyword</method>
  <thread>1</thread>
  <message>End action : assert name == namePerson</message>
  <nestedLevel>1</nestedLevel>
</record>
<record>
  <date>2019-04-23T12:26:46</date>
  <millis>1556015206146</millis>
  <sequence>184</sequence>
  <level>START</level>
  <class>com.kms.katalon.core.logging.XmlKeywordLogger</class>
  <method>startKeyword</method>
  <thread>1</thread>
  <message>Start action : assert gender == gender</message>
  <nestedLevel>1</nestedLevel>
  <property name="startLine">51</property>
  <property name="stepIndex">12</property>
</record>
<record>
  <date>2019-04-23T12:26:46</date>
  <millis>1556015206146</millis>
  <sequence>185</sequence>
  <level>END</level>
  <class>com.kms.katalon.core.logging.XmlKeywordLogger</class>
  <method>endKeyword</method>
  <thread>1</thread>
  <message>End action : assert gender == gender</message>
  <nestedLevel>1</nestedLevel>
</record>
<record>
  <date>2019-04-23T12:26:46</date>
  <millis>1556015206146</millis>
  <sequence>186</sequence>
  <level>START</level>
  <class>com.kms.katalon.core.logging.XmlKeywordLogger</class>
  <method>startKeyword</method>
  <thread>1</thread>
  <message>Start action : assert birthDate == birthDate</message>
  <nestedLevel>1</nestedLevel>
  <property name="startLine">52</property>
  <property name="stepIndex">13</property>
</record>
<record>
  <date>2019-04-23T12:26:46</date>
  <millis>1556015206147</millis>
  <sequence>187</sequence>
  <level>END</level>
  <class>com.kms.katalon.core.logging.XmlKeywordLogger</class>
  <method>endKeyword</method>
  <thread>1</thread>
  <message>End action : assert birthDate == birthDate</message>
  <nestedLevel>1</nestedLevel>
</record>
<record>
  <date>2019-04-23T12:26:46</date>
  <millis>1556015206147</millis>
  <sequence>188</sequence>
  <level>START</level>
  <class>com.kms.katalon.core.logging.XmlKeywordLogger</class>
  <method>startKeyword</method>
  <thread>1</thread>
  <message>Start action : verifyResponseStatusCode(checkIfPersonWellAdded, 200, CONTINUE_ON_FAILURE)</message>
  <nestedLevel>1</nestedLevel>
  <property name="startLine">53</property>
  <property name="stepIndex">14</property>
</record>
<record>
  <date>2019-04-23T12:26:46</date>
  <millis>1556015206157</millis>
  <sequence>190</sequence>
  <level>PASSED</level>
  <class>com.kms.katalon.core.logging.XmlKeywordLogger</class>
  <method>logMessage</method>
  <thread>1</thread>
  <message>Verify response status code successfully</message>
  <nestedLevel>1</nestedLevel>
</record>
<record>
  <date>2019-04-23T12:26:46</date>
  <millis>1556015206158</millis>
  <sequence>191</sequence>
  <level>END</level>
  <class>com.kms.katalon.core.logging.XmlKeywordLogger</class>
  <method>endKeyword</method>
  <thread>1</thread>
  <message>End action : verifyResponseStatusCode(checkIfPersonWellAdded, 200, CONTINUE_ON_FAILURE)</message>
  <nestedLevel>1</nestedLevel>
</record>
<record>
  <date>2019-04-23T12:26:46</date>
  <millis>1556015206158</millis>
  <sequence>192</sequence>
  <level>START</level>
  <class>com.kms.katalon.core.logging.XmlKeywordLogger</class>
  <method>startKeyword</method>
  <thread>1</thread>
  <message>Start action : DeletePersonAddedLastely = sendRequest(findTestObject(\&amp;quot;PersonsOR/DeleteOnePerson\&amp;quot;))</message>
  <nestedLevel>1</nestedLevel>
  <property name="startLine">56</property>
  <property name="stepIndex">15</property>
</record>
<record>
  <date>2019-04-23T12:26:46</date>
  <millis>1556015206188</millis>
  <sequence>195</sequence>
  <level>PASSED</level>
  <class>com.kms.katalon.core.logging.XmlKeywordLogger</class>
  <method>logMessage</method>
  <thread>1</thread>
  <message>Send request successfully</message>
  <nestedLevel>1</nestedLevel>
</record>
<record>
  <date>2019-04-23T12:26:46</date>
  <millis>1556015206188</millis>
  <sequence>196</sequence>
  <level>END</level>
  <class>com.kms.katalon.core.logging.XmlKeywordLogger</class>
  <method>endKeyword</method>
  <thread>1</thread>
  <message>End action : DeletePersonAddedLastely = sendRequest(findTestObject(\&amp;quot;PersonsOR/DeleteOnePerson\&amp;quot;))</message>
  <nestedLevel>1</nestedLevel>
</record>
<record>
  <date>2019-04-23T12:26:46</date>
  <millis>1556015206189</millis>
  <sequence>197</sequence>
  <level>START</level>
  <class>com.kms.katalon.core.logging.XmlKeywordLogger</class>
  <method>startKeyword</method>
  <thread>1</thread>
  <message>Start action : verifyResponseStatusCode(DeletePersonAddedLastely, 204)</message>
  <nestedLevel>1</nestedLevel>
  <property name="startLine">57</property>
  <property name="stepIndex">16</property>
</record>
<record>
  <date>2019-04-23T12:26:46</date>
  <millis>1556015206190</millis>
  <sequence>199</sequence>
  <level>PASSED</level>
  <class>com.kms.katalon.core.logging.XmlKeywordLogger</class>
  <method>logMessage</method>
  <thread>1</thread>
  <message>Verify response status code successfully</message>
  <nestedLevel>1</nestedLevel>
</record>
<record>
  <date>2019-04-23T12:26:46</date>
  <millis>1556015206190</millis>
  <sequence>200</sequence>
  <level>END</level>
  <class>com.kms.katalon.core.logging.XmlKeywordLogger</class>
  <method>endKeyword</method>
  <thread>1</thread>
  <message>End action : verifyResponseStatusCode(DeletePersonAddedLastely, 204)</message>
  <nestedLevel>1</nestedLevel>
</record>
<record>
  <date>2019-04-23T12:26:46</date>
  <millis>1556015206191</millis>
  <sequence>201</sequence>
  <level>START</level>
  <class>com.kms.katalon.core.logging.XmlKeywordLogger</class>
  <method>startKeyword</method>
  <thread>1</thread>
  <message>Start action : DeletePersonAgain = sendRequest(findTestObject(\&amp;quot;PersonsOR/DeleteOnePerson\&amp;quot;))</message>
  <nestedLevel>1</nestedLevel>
  <property name="startLine">60</property>
  <property name="stepIndex">17</property>
</record>
<record>
  <date>2019-04-23T12:26:46</date>
  <millis>1556015206221</millis>
  <sequence>204</sequence>
  <level>PASSED</level>
  <class>com.kms.katalon.core.logging.XmlKeywordLogger</class>
  <method>logMessage</method>
  <thread>1</thread>
  <message>Send request successfully</message>
  <nestedLevel>1</nestedLevel>
</record>
<record>
  <date>2019-04-23T12:26:46</date>
  <millis>1556015206221</millis>
  <sequence>205</sequence>
  <level>END</level>
  <class>com.kms.katalon.core.logging.XmlKeywordLogger</class>
  <method>endKeyword</method>
  <thread>1</thread>
  <message>End action : DeletePersonAgain = sendRequest(findTestObject(\&amp;quot;PersonsOR/DeleteOnePerson\&amp;quot;))</message>
  <nestedLevel>1</nestedLevel>
</record>
<record>
  <date>2019-04-23T12:26:46</date>
  <millis>1556015206222</millis>
  <sequence>206</sequence>
  <level>START</level>
  <class>com.kms.katalon.core.logging.XmlKeywordLogger</class>
  <method>startKeyword</method>
  <thread>1</thread>
  <message>Start action : verifyResponseStatusCode(DeletePersonAgain, 404)</message>
  <nestedLevel>1</nestedLevel>
  <property name="startLine">61</property>
  <property name="stepIndex">18</property>
</record>
<record>
  <date>2019-04-23T12:26:46</date>
  <millis>1556015206223</millis>
  <sequence>208</sequence>
  <level>PASSED</level>
  <class>com.kms.katalon.core.logging.XmlKeywordLogger</class>
  <method>logMessage</method>
  <thread>1</thread>
  <message>Verify response status code successfully</message>
  <nestedLevel>1</nestedLevel>
</record>
<record>
  <date>2019-04-23T12:26:46</date>
  <millis>1556015206223</millis>
  <sequence>209</sequence>
  <level>END</level>
  <class>com.kms.katalon.core.logging.XmlKeywordLogger</class>
  <method>endKeyword</method>
  <thread>1</thread>
  <message>End action : verifyResponseStatusCode(DeletePersonAgain, 404)</message>
  <nestedLevel>1</nestedLevel>
</record>
<record>
  <date>2019-04-23T12:26:46</date>
  <millis>1556015206224</millis>
  <sequence>210</sequence>
  <level>PASSED</level>
  <class>com.kms.katalon.core.logging.XmlKeywordLogger</class>
  <method>logMessage</method>
  <thread>1</thread>
  <message>Test Cases/cdT_Person/cdT_DeletePerson</message>
  <nestedLevel>1</nestedLevel>
</record>
<record>
  <date>2019-04-23T12:26:46</date>
  <millis>1556015206225</millis>
  <sequence>211</sequence>
  <level>END</level>
  <class>com.kms.katalon.core.logging.XmlKeywordLogger</class>
  <method>endTest</method>
  <thread>1</thread>
  <message>End Test Case : Test Cases/cdT_Person/cdT_DeletePerson</message>
  <nestedLevel>0</nestedLevel>
</record>
<record>
  <date>2019-04-23T12:26:46</date>
  <millis>1556015206237</millis>
  <sequence>212</sequence>
  <level>START</level>
  <class>com.kms.katalon.core.logging.XmlKeywordLogger</class>
  <method>startTest</method>
  <thread>1</thread>
  <message>Start Test Case : Test Cases/cdT_Person/cdT_retrieveSinglePerson</message>
  <nestedLevel>1</nestedLevel>
  <property name="name">Test Cases/cdT_Person/cdT_retrieveSinglePerson</property>
  <property name="description"></property>
  <property name="id">Test Cases/cdT_Person/cdT_retrieveSinglePerson</property>
  <property name="source">\\Users\\radjendirane\\Katalon Studio\\PersonsTestApi\\Test Cases\\cdT_Person\\cdT_retrieveSinglePerson.tc</property>
  <property name="isOptional">false</property>
</record>
<record>
  <date>2019-04-23T12:26:46</date>
  <millis>1556015206255</millis>
  <sequence>214</sequence>
  <level>START</level>
  <class>com.kms.katalon.core.logging.XmlKeywordLogger</class>
  <method>startKeyword</method>
  <thread>1</thread>
  <message>Start setup action : setupTestCase</message>
  <nestedLevel>1</nestedLevel>
  <property name="isIgnoredIfFailed">false</property>
</record>
<record>
  <date>2019-04-23T12:26:46</date>
  <millis>1556015206256</millis>
  <sequence>215</sequence>
  <level>START</level>
  <class>com.kms.katalon.core.logging.XmlKeywordLogger</class>
  <method>startKeyword</method>
  <thread>1</thread>
  <message>Start action : valueExecSuiteTest = 1</message>
  <nestedLevel>1</nestedLevel>
  <property name="startLine">122</property>
  <property name="stepIndex">1</property>
</record>
<record>
  <date>2019-04-23T12:26:46</date>
  <millis>1556015206256</millis>
  <sequence>216</sequence>
  <level>END</level>
  <class>com.kms.katalon.core.logging.XmlKeywordLogger</class>
  <method>endKeyword</method>
  <thread>1</thread>
  <message>End action : valueExecSuiteTest = 1</message>
  <nestedLevel>1</nestedLevel>
</record>
<record>
  <date>2019-04-23T12:26:46</date>
  <millis>1556015206256</millis>
  <sequence>217</sequence>
  <level>PASSED</level>
  <class>com.kms.katalon.core.logging.XmlKeywordLogger</class>
  <method>logMessage</method>
  <thread>1</thread>
  <message>Method &amp;apos;setupTestCase&amp;apos; complete successfully</message>
  <nestedLevel>1</nestedLevel>
</record>
<record>
  <date>2019-04-23T12:26:46</date>
  <millis>1556015206256</millis>
  <sequence>218</sequence>
  <level>END</level>
  <class>com.kms.katalon.core.logging.XmlKeywordLogger</class>
  <method>endKeyword</method>
  <thread>1</thread>
  <message>End End action : setupTestCase</message>
  <nestedLevel>1</nestedLevel>
</record>
<record>
  <date>2019-04-23T12:26:46</date>
  <millis>1556015206403</millis>
  <sequence>219</sequence>
  <level>START</level>
  <class>com.kms.katalon.core.logging.XmlKeywordLogger</class>
  <method>startKeyword</method>
  <thread>1</thread>
  <message>Start action : AddSinglePerson = sendRequest(findTestObject(\&amp;quot;PersonsOR/PostPerson\&amp;quot;, [\&amp;quot;gender\&amp;quot;:gender, \&amp;quot;name\&amp;quot;:namePerson, \&amp;quot;dateBD\&amp;quot;:birthDate]))</message>
  <nestedLevel>1</nestedLevel>
  <property name="startLine">39</property>
  <property name="stepIndex">1</property>
</record>
<record>
  <date>2019-04-23T12:26:46</date>
  <millis>1556015206411</millis>
  <sequence>222</sequence>
  <level>PASSED</level>
  <class>com.kms.katalon.core.logging.XmlKeywordLogger</class>
  <method>logMessage</method>
  <thread>1</thread>
  <message>Send request successfully</message>
  <nestedLevel>1</nestedLevel>
</record>
<record>
  <date>2019-04-23T12:26:46</date>
  <millis>1556015206412</millis>
  <sequence>223</sequence>
  <level>END</level>
  <class>com.kms.katalon.core.logging.XmlKeywordLogger</class>
  <method>endKeyword</method>
  <thread>1</thread>
  <message>End action : AddSinglePerson = sendRequest(findTestObject(\&amp;quot;PersonsOR/PostPerson\&amp;quot;, [\&amp;quot;gender\&amp;quot;:gender, \&amp;quot;name\&amp;quot;:namePerson, \&amp;quot;dateBD\&amp;quot;:birthDate]))</message>
  <nestedLevel>1</nestedLevel>
</record>
<record>
  <date>2019-04-23T12:26:46</date>
  <millis>1556015206412</millis>
  <sequence>224</sequence>
  <level>START</level>
  <class>com.kms.katalon.core.logging.XmlKeywordLogger</class>
  <method>startKeyword</method>
  <thread>1</thread>
  <message>Start action : slurper = new groovy.json.JsonSlurper()</message>
  <nestedLevel>1</nestedLevel>
  <property name="startLine">42</property>
  <property name="stepIndex">2</property>
</record>
<record>
  <date>2019-04-23T12:26:46</date>
  <millis>1556015206412</millis>
  <sequence>225</sequence>
  <level>END</level>
  <class>com.kms.katalon.core.logging.XmlKeywordLogger</class>
  <method>endKeyword</method>
  <thread>1</thread>
  <message>End action : slurper = new groovy.json.JsonSlurper()</message>
  <nestedLevel>1</nestedLevel>
</record>
<record>
  <date>2019-04-23T12:26:46</date>
  <millis>1556015206413</millis>
  <sequence>226</sequence>
  <level>START</level>
  <class>com.kms.katalon.core.logging.XmlKeywordLogger</class>
  <method>startKeyword</method>
  <thread>1</thread>
  <message>Start action : result = slurper.parseText(AddSinglePerson.getResponseBodyContent())</message>
  <nestedLevel>1</nestedLevel>
  <property name="startLine">43</property>
  <property name="stepIndex">3</property>
</record>
<record>
  <date>2019-04-23T12:26:46</date>
  <millis>1556015206413</millis>
  <sequence>227</sequence>
  <level>END</level>
  <class>com.kms.katalon.core.logging.XmlKeywordLogger</class>
  <method>endKeyword</method>
  <thread>1</thread>
  <message>End action : result = slurper.parseText(AddSinglePerson.getResponseBodyContent())</message>
  <nestedLevel>1</nestedLevel>
</record>
<record>
  <date>2019-04-23T12:26:46</date>
  <millis>1556015206414</millis>
  <sequence>228</sequence>
  <level>START</level>
  <class>com.kms.katalon.core.logging.XmlKeywordLogger</class>
  <method>startKeyword</method>
  <thread>1</thread>
  <message>Start action : assert name == namePerson</message>
  <nestedLevel>1</nestedLevel>
  <property name="startLine">44</property>
  <property name="stepIndex">4</property>
</record>
<record>
  <date>2019-04-23T12:26:46</date>
  <millis>1556015206414</millis>
  <sequence>229</sequence>
  <level>END</level>
  <class>com.kms.katalon.core.logging.XmlKeywordLogger</class>
  <method>endKeyword</method>
  <thread>1</thread>
  <message>End action : assert name == namePerson</message>
  <nestedLevel>1</nestedLevel>
</record>
<record>
  <date>2019-04-23T12:26:46</date>
  <millis>1556015206414</millis>
  <sequence>230</sequence>
  <level>START</level>
  <class>com.kms.katalon.core.logging.XmlKeywordLogger</class>
  <method>startKeyword</method>
  <thread>1</thread>
  <message>Start action : assert gender == gender</message>
  <nestedLevel>1</nestedLevel>
  <property name="startLine">45</property>
  <property name="stepIndex">5</property>
</record>
<record>
  <date>2019-04-23T12:26:46</date>
  <millis>1556015206415</millis>
  <sequence>231</sequence>
  <level>END</level>
  <class>com.kms.katalon.core.logging.XmlKeywordLogger</class>
  <method>endKeyword</method>
  <thread>1</thread>
  <message>End action : assert gender == gender</message>
  <nestedLevel>1</nestedLevel>
</record>
<record>
  <date>2019-04-23T12:26:46</date>
  <millis>1556015206415</millis>
  <sequence>232</sequence>
  <level>START</level>
  <class>com.kms.katalon.core.logging.XmlKeywordLogger</class>
  <method>startKeyword</method>
  <thread>1</thread>
  <message>Start action : assert birthDate == birthDate</message>
  <nestedLevel>1</nestedLevel>
  <property name="startLine">46</property>
  <property name="stepIndex">6</property>
</record>
<record>
  <date>2019-04-23T12:26:46</date>
  <millis>1556015206415</millis>
  <sequence>233</sequence>
  <level>END</level>
  <class>com.kms.katalon.core.logging.XmlKeywordLogger</class>
  <method>endKeyword</method>
  <thread>1</thread>
  <message>End action : assert birthDate == birthDate</message>
  <nestedLevel>1</nestedLevel>
</record>
<record>
  <date>2019-04-23T12:26:46</date>
  <millis>1556015206416</millis>
  <sequence>234</sequence>
  <level>START</level>
  <class>com.kms.katalon.core.logging.XmlKeywordLogger</class>
  <method>startKeyword</method>
  <thread>1</thread>
  <message>Start action : verifyResponseStatusCode(AddSinglePerson, 200)</message>
  <nestedLevel>1</nestedLevel>
  <property name="startLine">47</property>
  <property name="stepIndex">7</property>
</record>
<record>
  <date>2019-04-23T12:26:46</date>
  <millis>1556015206417</millis>
  <sequence>236</sequence>
  <level>PASSED</level>
  <class>com.kms.katalon.core.logging.XmlKeywordLogger</class>
  <method>logMessage</method>
  <thread>1</thread>
  <message>Verify response status code successfully</message>
  <nestedLevel>1</nestedLevel>
</record>
<record>
  <date>2019-04-23T12:26:46</date>
  <millis>1556015206417</millis>
  <sequence>237</sequence>
  <level>END</level>
  <class>com.kms.katalon.core.logging.XmlKeywordLogger</class>
  <method>endKeyword</method>
  <thread>1</thread>
  <message>End action : verifyResponseStatusCode(AddSinglePerson, 200)</message>
  <nestedLevel>1</nestedLevel>
</record>
<record>
  <date>2019-04-23T12:26:46</date>
  <millis>1556015206417</millis>
  <sequence>238</sequence>
  <level>START</level>
  <class>com.kms.katalon.core.logging.XmlKeywordLogger</class>
  <method>startKeyword</method>
  <thread>1</thread>
  <message>Start action : checkIfPersonExist = sendRequest(findTestObject(\&amp;quot;PersonsOR/GetOnePerson\&amp;quot;))</message>
  <nestedLevel>1</nestedLevel>
  <property name="startLine">50</property>
  <property name="stepIndex">8</property>
</record>
<record>
  <date>2019-04-23T12:26:46</date>
  <millis>1556015206452</millis>
  <sequence>241</sequence>
  <level>PASSED</level>
  <class>com.kms.katalon.core.logging.XmlKeywordLogger</class>
  <method>logMessage</method>
  <thread>1</thread>
  <message>Send request successfully</message>
  <nestedLevel>1</nestedLevel>
</record>
<record>
  <date>2019-04-23T12:26:46</date>
  <millis>1556015206453</millis>
  <sequence>242</sequence>
  <level>END</level>
  <class>com.kms.katalon.core.logging.XmlKeywordLogger</class>
  <method>endKeyword</method>
  <thread>1</thread>
  <message>End action : checkIfPersonExist = sendRequest(findTestObject(\&amp;quot;PersonsOR/GetOnePerson\&amp;quot;))</message>
  <nestedLevel>1</nestedLevel>
</record>
<record>
  <date>2019-04-23T12:26:46</date>
  <millis>1556015206453</millis>
  <sequence>243</sequence>
  <level>START</level>
  <class>com.kms.katalon.core.logging.XmlKeywordLogger</class>
  <method>startKeyword</method>
  <thread>1</thread>
  <message>Start action : slurper1 = new groovy.json.JsonSlurper()</message>
  <nestedLevel>1</nestedLevel>
  <property name="startLine">51</property>
  <property name="stepIndex">9</property>
</record>
<record>
  <date>2019-04-23T12:26:46</date>
  <millis>1556015206453</millis>
  <sequence>244</sequence>
  <level>END</level>
  <class>com.kms.katalon.core.logging.XmlKeywordLogger</class>
  <method>endKeyword</method>
  <thread>1</thread>
  <message>End action : slurper1 = new groovy.json.JsonSlurper()</message>
  <nestedLevel>1</nestedLevel>
</record>
<record>
  <date>2019-04-23T12:26:46</date>
  <millis>1556015206454</millis>
  <sequence>245</sequence>
  <level>START</level>
  <class>com.kms.katalon.core.logging.XmlKeywordLogger</class>
  <method>startKeyword</method>
  <thread>1</thread>
  <message>Start action : result1 = slurper1.parseText(checkIfPersonExist.getResponseBodyContent())</message>
  <nestedLevel>1</nestedLevel>
  <property name="startLine">52</property>
  <property name="stepIndex">10</property>
</record>
<record>
  <date>2019-04-23T12:26:46</date>
  <millis>1556015206454</millis>
  <sequence>246</sequence>
  <level>END</level>
  <class>com.kms.katalon.core.logging.XmlKeywordLogger</class>
  <method>endKeyword</method>
  <thread>1</thread>
  <message>End action : result1 = slurper1.parseText(checkIfPersonExist.getResponseBodyContent())</message>
  <nestedLevel>1</nestedLevel>
</record>
<record>
  <date>2019-04-23T12:26:46</date>
  <millis>1556015206455</millis>
  <sequence>247</sequence>
  <level>START</level>
  <class>com.kms.katalon.core.logging.XmlKeywordLogger</class>
  <method>startKeyword</method>
  <thread>1</thread>
  <message>Start action : assert name == namePerson</message>
  <nestedLevel>1</nestedLevel>
  <property name="startLine">53</property>
  <property name="stepIndex">11</property>
</record>
<record>
  <date>2019-04-23T12:26:46</date>
  <millis>1556015206455</millis>
  <sequence>248</sequence>
  <level>END</level>
  <class>com.kms.katalon.core.logging.XmlKeywordLogger</class>
  <method>endKeyword</method>
  <thread>1</thread>
  <message>End action : assert name == namePerson</message>
  <nestedLevel>1</nestedLevel>
</record>
<record>
  <date>2019-04-23T12:26:46</date>
  <millis>1556015206457</millis>
  <sequence>249</sequence>
  <level>START</level>
  <class>com.kms.katalon.core.logging.XmlKeywordLogger</class>
  <method>startKeyword</method>
  <thread>1</thread>
  <message>Start action : assert gender == gender</message>
  <nestedLevel>1</nestedLevel>
  <property name="startLine">54</property>
  <property name="stepIndex">12</property>
</record>
<record>
  <date>2019-04-23T12:26:46</date>
  <millis>1556015206458</millis>
  <sequence>250</sequence>
  <level>END</level>
  <class>com.kms.katalon.core.logging.XmlKeywordLogger</class>
  <method>endKeyword</method>
  <thread>1</thread>
  <message>End action : assert gender == gender</message>
  <nestedLevel>1</nestedLevel>
</record>
<record>
  <date>2019-04-23T12:26:46</date>
  <millis>1556015206458</millis>
  <sequence>251</sequence>
  <level>START</level>
  <class>com.kms.katalon.core.logging.XmlKeywordLogger</class>
  <method>startKeyword</method>
  <thread>1</thread>
  <message>Start action : assert birthDate == birthDate</message>
  <nestedLevel>1</nestedLevel>
  <property name="startLine">55</property>
  <property name="stepIndex">13</property>
</record>
<record>
  <date>2019-04-23T12:26:46</date>
  <millis>1556015206459</millis>
  <sequence>252</sequence>
  <level>END</level>
  <class>com.kms.katalon.core.logging.XmlKeywordLogger</class>
  <method>endKeyword</method>
  <thread>1</thread>
  <message>End action : assert birthDate == birthDate</message>
  <nestedLevel>1</nestedLevel>
</record>
<record>
  <date>2019-04-23T12:26:46</date>
  <millis>1556015206459</millis>
  <sequence>253</sequence>
  <level>START</level>
  <class>com.kms.katalon.core.logging.XmlKeywordLogger</class>
  <method>startKeyword</method>
  <thread>1</thread>
  <message>Start action : verifyResponseStatusCode(checkIfPersonExist, 200)</message>
  <nestedLevel>1</nestedLevel>
  <property name="startLine">56</property>
  <property name="stepIndex">14</property>
</record>
<record>
  <date>2019-04-23T12:26:46</date>
  <millis>1556015206464</millis>
  <sequence>255</sequence>
  <level>PASSED</level>
  <class>com.kms.katalon.core.logging.XmlKeywordLogger</class>
  <method>logMessage</method>
  <thread>1</thread>
  <message>Verify response status code successfully</message>
  <nestedLevel>1</nestedLevel>
</record>
<record>
  <date>2019-04-23T12:26:46</date>
  <millis>1556015206465</millis>
  <sequence>256</sequence>
  <level>END</level>
  <class>com.kms.katalon.core.logging.XmlKeywordLogger</class>
  <method>endKeyword</method>
  <thread>1</thread>
  <message>End action : verifyResponseStatusCode(checkIfPersonExist, 200)</message>
  <nestedLevel>1</nestedLevel>
</record>
<record>
  <date>2019-04-23T12:26:46</date>
  <millis>1556015206465</millis>
  <sequence>257</sequence>
  <level>START</level>
  <class>com.kms.katalon.core.logging.XmlKeywordLogger</class>
  <method>startKeyword</method>
  <thread>1</thread>
  <message>Start action : DeletePersonAddedLastely = sendRequest(findTestObject(\&amp;quot;PersonsOR/DeleteOnePerson\&amp;quot;))</message>
  <nestedLevel>1</nestedLevel>
  <property name="startLine">59</property>
  <property name="stepIndex">15</property>
</record>
<record>
  <date>2019-04-23T12:26:46</date>
  <millis>1556015206515</millis>
  <sequence>260</sequence>
  <level>PASSED</level>
  <class>com.kms.katalon.core.logging.XmlKeywordLogger</class>
  <method>logMessage</method>
  <thread>1</thread>
  <message>Send request successfully</message>
  <nestedLevel>1</nestedLevel>
</record>
<record>
  <date>2019-04-23T12:26:46</date>
  <millis>1556015206515</millis>
  <sequence>261</sequence>
  <level>END</level>
  <class>com.kms.katalon.core.logging.XmlKeywordLogger</class>
  <method>endKeyword</method>
  <thread>1</thread>
  <message>End action : DeletePersonAddedLastely = sendRequest(findTestObject(\&amp;quot;PersonsOR/DeleteOnePerson\&amp;quot;))</message>
  <nestedLevel>1</nestedLevel>
</record>
<record>
  <date>2019-04-23T12:26:46</date>
  <millis>1556015206515</millis>
  <sequence>262</sequence>
  <level>START</level>
  <class>com.kms.katalon.core.logging.XmlKeywordLogger</class>
  <method>startKeyword</method>
  <thread>1</thread>
  <message>Start action : verifyResponseStatusCode(DeletePersonAddedLastely, 204)</message>
  <nestedLevel>1</nestedLevel>
  <property name="startLine">60</property>
  <property name="stepIndex">16</property>
</record>
<record>
  <date>2019-04-23T12:26:46</date>
  <millis>1556015206517</millis>
  <sequence>264</sequence>
  <level>PASSED</level>
  <class>com.kms.katalon.core.logging.XmlKeywordLogger</class>
  <method>logMessage</method>
  <thread>1</thread>
  <message>Verify response status code successfully</message>
  <nestedLevel>1</nestedLevel>
</record>
<record>
  <date>2019-04-23T12:26:46</date>
  <millis>1556015206517</millis>
  <sequence>265</sequence>
  <level>END</level>
  <class>com.kms.katalon.core.logging.XmlKeywordLogger</class>
  <method>endKeyword</method>
  <thread>1</thread>
  <message>End action : verifyResponseStatusCode(DeletePersonAddedLastely, 204)</message>
  <nestedLevel>1</nestedLevel>
</record>
<record>
  <date>2019-04-23T12:26:46</date>
  <millis>1556015206518</millis>
  <sequence>266</sequence>
  <level>START</level>
  <class>com.kms.katalon.core.logging.XmlKeywordLogger</class>
  <method>startKeyword</method>
  <thread>1</thread>
  <message>Start action : checkIfPersonExistKo = sendRequest(findTestObject(\&amp;quot;PersonsOR/GetOnePerson\&amp;quot;))</message>
  <nestedLevel>1</nestedLevel>
  <property name="startLine">63</property>
  <property name="stepIndex">17</property>
</record>
<record>
  <date>2019-04-23T12:26:46</date>
  <millis>1556015206561</millis>
  <sequence>269</sequence>
  <level>PASSED</level>
  <class>com.kms.katalon.core.logging.XmlKeywordLogger</class>
  <method>logMessage</method>
  <thread>1</thread>
  <message>Send request successfully</message>
  <nestedLevel>1</nestedLevel>
</record>
<record>
  <date>2019-04-23T12:26:46</date>
  <millis>1556015206562</millis>
  <sequence>270</sequence>
  <level>END</level>
  <class>com.kms.katalon.core.logging.XmlKeywordLogger</class>
  <method>endKeyword</method>
  <thread>1</thread>
  <message>End action : checkIfPersonExistKo = sendRequest(findTestObject(\&amp;quot;PersonsOR/GetOnePerson\&amp;quot;))</message>
  <nestedLevel>1</nestedLevel>
</record>
<record>
  <date>2019-04-23T12:26:46</date>
  <millis>1556015206562</millis>
  <sequence>271</sequence>
  <level>START</level>
  <class>com.kms.katalon.core.logging.XmlKeywordLogger</class>
  <method>startKeyword</method>
  <thread>1</thread>
  <message>Start action : verifyResponseStatusCode(checkIfPersonExistKo, 404)</message>
  <nestedLevel>1</nestedLevel>
  <property name="startLine">64</property>
  <property name="stepIndex">18</property>
</record>
<record>
  <date>2019-04-23T12:26:46</date>
  <millis>1556015206563</millis>
  <sequence>273</sequence>
  <level>PASSED</level>
  <class>com.kms.katalon.core.logging.XmlKeywordLogger</class>
  <method>logMessage</method>
  <thread>1</thread>
  <message>Verify response status code successfully</message>
  <nestedLevel>1</nestedLevel>
</record>
<record>
  <date>2019-04-23T12:26:46</date>
  <millis>1556015206563</millis>
  <sequence>274</sequence>
  <level>END</level>
  <class>com.kms.katalon.core.logging.XmlKeywordLogger</class>
  <method>endKeyword</method>
  <thread>1</thread>
  <message>End action : verifyResponseStatusCode(checkIfPersonExistKo, 404)</message>
  <nestedLevel>1</nestedLevel>
</record>
<record>
  <date>2019-04-23T12:26:46</date>
  <millis>1556015206563</millis>
  <sequence>275</sequence>
  <level>PASSED</level>
  <class>com.kms.katalon.core.logging.XmlKeywordLogger</class>
  <method>logMessage</method>
  <thread>1</thread>
  <message>Test Cases/cdT_Person/cdT_retrieveSinglePerson</message>
  <nestedLevel>1</nestedLevel>
</record>
<record>
  <date>2019-04-23T12:26:46</date>
  <millis>1556015206564</millis>
  <sequence>276</sequence>
  <level>END</level>
  <class>com.kms.katalon.core.logging.XmlKeywordLogger</class>
  <method>endTest</method>
  <thread>1</thread>
  <message>End Test Case : Test Cases/cdT_Person/cdT_retrieveSinglePerson</message>
  <nestedLevel>0</nestedLevel>
</record>
<record>
  <date>2019-04-23T12:26:46</date>
  <millis>1556015206616</millis>
  <sequence>277</sequence>
  <level>END</level>
  <class>com.kms.katalon.core.logging.XmlKeywordLogger</class>
  <method>endSuite</method>
  <thread>1</thread>
  <message>End Test Suite : Test Suites/Person/AllCdT_Person</message>
  <nestedLevel>0</nestedLevel>
</record>
</log>
