<?xml version="1.0" encoding="UTF-8" standalone="no"?>
<!DOCTYPE log SYSTEM "logger.dtd">
<log>
<record>
  <date>2019-04-23T17:28:31</date>
  <millis>1556033311409</millis>
  <sequence>0</sequence>
  <level>START</level>
  <class>com.kms.katalon.core.logging.XmlKeywordLogger</class>
  <method>startSuite</method>
  <thread>1</thread>
  <message>Start Test Suite : Test Suites/Person/AllCdT_Person</message>
  <nestedLevel>0</nestedLevel>
  <property name="name">AllCdT_Person</property>
  <property name="description"></property>
  <property name="id">Test Suites/Person/AllCdT_Person</property>
</record>
<record>
  <date>2019-04-23T17:28:31</date>
  <millis>1556033311420</millis>
  <sequence>1</sequence>
  <level>RUN_DATA</level>
  <class>com.kms.katalon.core.logging.XmlKeywordLogger</class>
  <method>logMessage</method>
  <thread>1</thread>
  <message>hostName = radjendirane - 172.16.200.200</message>
  <nestedLevel>0</nestedLevel>
  <property name="hostName">radjendirane - 172.16.200.200</property>
</record>
<record>
  <date>2019-04-23T17:28:31</date>
  <millis>1556033311421</millis>
  <sequence>2</sequence>
  <level>RUN_DATA</level>
  <class>com.kms.katalon.core.logging.XmlKeywordLogger</class>
  <method>logMessage</method>
  <thread>1</thread>
  <message>os = Mac OS X 64bit</message>
  <nestedLevel>0</nestedLevel>
  <property name="os">Mac OS X 64bit</property>
</record>
<record>
  <date>2019-04-23T17:28:31</date>
  <millis>1556033311422</millis>
  <sequence>3</sequence>
  <level>RUN_DATA</level>
  <class>com.kms.katalon.core.logging.XmlKeywordLogger</class>
  <method>logMessage</method>
  <thread>1</thread>
  <message>hostAddress = 172.16.200.200</message>
  <nestedLevel>0</nestedLevel>
  <property name="hostAddress">172.16.200.200</property>
</record>
<record>
  <date>2019-04-23T17:28:31</date>
  <millis>1556033311422</millis>
  <sequence>4</sequence>
  <level>RUN_DATA</level>
  <class>com.kms.katalon.core.logging.XmlKeywordLogger</class>
  <method>logMessage</method>
  <thread>1</thread>
  <message>katalonVersion = 6.1.1.1</message>
  <nestedLevel>0</nestedLevel>
  <property name="katalonVersion">6.1.1.1</property>
</record>
<record>
  <date>2019-04-23T17:28:31</date>
  <millis>1556033311704</millis>
  <sequence>5</sequence>
  <level>START</level>
  <class>com.kms.katalon.core.logging.XmlKeywordLogger</class>
  <method>startKeyword</method>
  <thread>1</thread>
  <message>Start setup action : setUp</message>
  <nestedLevel>0</nestedLevel>
  <property name="isIgnoredIfFailed">false</property>
</record>
<record>
  <date>2019-04-23T17:28:32</date>
  <millis>1556033312080</millis>
  <sequence>6</sequence>
  <level>START</level>
  <class>com.kms.katalon.core.logging.XmlKeywordLogger</class>
  <method>startKeyword</method>
  <thread>1</thread>
  <message>Start action : data_init = findTestData(\&amp;quot;Data Files/DDT_Person\&amp;quot;)</message>
  <nestedLevel>1</nestedLevel>
  <property name="startLine">86</property>
  <property name="stepIndex">1</property>
</record>
<record>
  <date>2019-04-23T17:28:32</date>
  <millis>1556033312218</millis>
  <sequence>10</sequence>
  <level>END</level>
  <class>com.kms.katalon.core.logging.XmlKeywordLogger</class>
  <method>endKeyword</method>
  <thread>1</thread>
  <message>End action : data_init = findTestData(\&amp;quot;Data Files/DDT_Person\&amp;quot;)</message>
  <nestedLevel>1</nestedLevel>
</record>
<record>
  <date>2019-04-23T17:28:32</date>
  <millis>1556033312219</millis>
  <sequence>11</sequence>
  <level>START</level>
  <class>com.kms.katalon.core.logging.XmlKeywordLogger</class>
  <method>startKeyword</method>
  <thread>1</thread>
  <message>Start action : rows_lign = data_init.getRowNumbers()</message>
  <nestedLevel>1</nestedLevel>
  <property name="startLine">87</property>
  <property name="stepIndex">2</property>
</record>
<record>
  <date>2019-04-23T17:28:32</date>
  <millis>1556033312225</millis>
  <sequence>12</sequence>
  <level>END</level>
  <class>com.kms.katalon.core.logging.XmlKeywordLogger</class>
  <method>endKeyword</method>
  <thread>1</thread>
  <message>End action : rows_lign = data_init.getRowNumbers()</message>
  <nestedLevel>1</nestedLevel>
</record>
<record>
  <date>2019-04-23T17:28:32</date>
  <millis>1556033312225</millis>
  <sequence>13</sequence>
  <level>START</level>
  <class>com.kms.katalon.core.logging.XmlKeywordLogger</class>
  <method>startKeyword</method>
  <thread>1</thread>
  <message>Start action : for (def i : (0..(rows_lign - 1)))</message>
  <nestedLevel>1</nestedLevel>
  <property name="startLine">100</property>
  <property name="stepIndex">3</property>
</record>
<record>
  <date>2019-04-23T17:28:32</date>
  <millis>1556033312231</millis>
  <sequence>14</sequence>
  <level>START</level>
  <class>com.kms.katalon.core.logging.XmlKeywordLogger</class>
  <method>startKeyword</method>
  <thread>1</thread>
  <message>Start action : gender = data_init.getValue(\&amp;quot;gender\&amp;quot;, i)</message>
  <nestedLevel>2</nestedLevel>
  <property name="startLine">101</property>
  <property name="stepIndex">1</property>
</record>
<record>
  <date>2019-04-23T17:28:32</date>
  <millis>1556033312232</millis>
  <sequence>15</sequence>
  <level>END</level>
  <class>com.kms.katalon.core.logging.XmlKeywordLogger</class>
  <method>endKeyword</method>
  <thread>1</thread>
  <message>End action : gender = data_init.getValue(\&amp;quot;gender\&amp;quot;, i)</message>
  <nestedLevel>2</nestedLevel>
</record>
<record>
  <date>2019-04-23T17:28:32</date>
  <millis>1556033312233</millis>
  <sequence>16</sequence>
  <level>END</level>
  <class>com.kms.katalon.core.logging.XmlKeywordLogger</class>
  <method>endKeyword</method>
  <thread>1</thread>
  <message>End action : for (def i : (0..(rows_lign - 1)))</message>
  <nestedLevel>1</nestedLevel>
</record>
<record>
  <date>2019-04-23T17:28:32</date>
  <millis>1556033312233</millis>
  <sequence>17</sequence>
  <level>ERROR</level>
  <class>com.kms.katalon.core.logging.XmlKeywordLogger</class>
  <method>logMessage</method>
  <thread>1</thread>
  <message>Invalid row index 0 for test data &amp;apos;/Users/radjendirane/Katalon Studio/PersonsTestApi/Data Files/DDT_Person.dat&amp;apos;. Row index must be between 1..2</message>
  <nestedLevel>0</nestedLevel>
</record>
<record>
  <date>2019-04-23T17:28:32</date>
  <millis>1556033312236</millis>
  <sequence>18</sequence>
  <level>END</level>
  <class>com.kms.katalon.core.logging.XmlKeywordLogger</class>
  <method>endKeyword</method>
  <thread>1</thread>
  <message>End End action : setUp</message>
  <nestedLevel>0</nestedLevel>
</record>
<record>
  <date>2019-04-23T17:28:32</date>
  <millis>1556033312275</millis>
  <sequence>19</sequence>
  <level>END</level>
  <class>com.kms.katalon.core.logging.XmlKeywordLogger</class>
  <method>endSuite</method>
  <thread>1</thread>
  <message>End Test Suite : Test Suites/Person/AllCdT_Person</message>
  <nestedLevel>0</nestedLevel>
</record>
</log>
